/Users/vincent/Documents/Github/vitte/src/vitte/compiler/diagnostics/report.vit:3:1: E_BOOTSTRAP_TOP_LEVEL: unsupported top-level item
/Users/vincent/Documents/Github/vitte/src/vitte/compiler/diagnostics/report.vit:4:5: E_BOOTSTRAP_TOP_LEVEL: unsupported top-level item
/Users/vincent/Documents/Github/vitte/src/vitte/compiler/diagnostics/report.vit:5:5: E_BOOTSTRAP_TOP_LEVEL: unsupported top-level item
/Users/vincent/Documents/Github/vitte/src/vitte/compiler/diagnostics/report.vit:6:5: E_BOOTSTRAP_TOP_LEVEL: unsupported top-level item
/Users/vincent/Documents/Github/vitte/src/vitte/compiler/diagnostics/report.vit:7:5: E_BOOTSTRAP_TOP_LEVEL: unsupported top-level item
/Users/vincent/Documents/Github/vitte/src/vitte/compiler/diagnostics/report.vit:8:5: E_BOOTSTRAP_TOP_LEVEL: unsupported top-level item
/Users/vincent/Documents/Github/vitte/src/vitte/compiler/diagnostics/report.vit:9:5: E_BOOTSTRAP_TOP_LEVEL: unsupported top-level item
/Users/vincent/Documents/Github/vitte/src/vitte/compiler/diagnostics/report.vit:10:5: E_BOOTSTRAP_TOP_LEVEL: unsupported top-level item
/Users/vincent/Documents/Github/vitte/src/vitte/compiler/diagnostics/report.vit:11:1: E_BOOTSTRAP_TOP_LEVEL: unsupported top-level item
/Users/vincent/Documents/Github/vitte/src/vitte/compiler/diagnostics/report.vit:13:1: E_BOOTSTRAP_PROC_SIGNATURE: bootstrap string proc must have no parameters: proc name() -> string {
/Users/vincent/Documents/Github/vitte/src/vitte/compiler/diagnostics/report.vit:14:5: E_BOOTSTRAP_TOP_LEVEL: unsupported top-level item
/Users/vincent/Documents/Github/vitte/src/vitte/compiler/diagnostics/report.vit:15:5: E_BOOTSTRAP_TOP_LEVEL: unsupported top-level item
/Users/vincent/Documents/Github/vitte/src/vitte/compiler/diagnostics/report.vit:16:5: E_BOOTSTRAP_TOP_LEVEL: unsupported top-level item
/Users/vincent/Documents/Github/vitte/src/vitte/compiler/diagnostics/report.vit:18:5: E_BOOTSTRAP_TOP_LEVEL: unsupported top-level item
/Users/vincent/Documents/Github/vitte/src/vitte/compiler/diagnostics/report.vit:19:9: E_BOOTSTRAP_TOP_LEVEL: unsupported top-level item
/Users/vincent/Documents/Github/vitte/src/vitte/compiler/diagnostics/report.vit:20:5: E_BOOTSTRAP_TOP_LEVEL: unsupported top-level item
/Users/vincent/Documents/Github/vitte/src/vitte/compiler/diagnostics/report.vit:21:5: E_BOOTSTRAP_TOP_LEVEL: unsupported top-level item
/Users/vincent/Documents/Github/vitte/src/vitte/compiler/diagnostics/report.vit:22:9: E_BOOTSTRAP_TOP_LEVEL: unsupported top-level item
/Users/vincent/Documents/Github/vitte/src/vitte/compiler/diagnostics/report.vit:23:5: E_BOOTSTRAP_TOP_LEVEL: unsupported top-level item
/Users/vincent/Documents/Github/vitte/src/vitte/compiler/diagnostics/report.vit:24:5: E_BOOTSTRAP_TOP_LEVEL: unsupported top-level item
/Users/vincent/Documents/Github/vitte/src/vitte/compiler/diagnostics/report.vit:25:9: E_BOOTSTRAP_TOP_LEVEL: unsupported top-level item
/Users/vincent/Documents/Github/vitte/src/vitte/compiler/diagnostics/report.vit:26:5: E_BOOTSTRAP_TOP_LEVEL: unsupported top-level item
/Users/vincent/Documents/Github/vitte/src/vitte/compiler/diagnostics/report.vit:28:5: E_BOOTSTRAP_TOP_LEVEL: unsupported top-level item
/Users/vincent/Documents/Github/vitte/src/vitte/compiler/diagnostics/report.vit:29:9: E_BOOTSTRAP_TOP_LEVEL: unsupported top-level item
/Users/vincent/Documents/Github/vitte/src/vitte/compiler/diagnostics/report.vit:30:9: E_BOOTSTRAP_TOP_LEVEL: unsupported top-level item
/Users/vincent/Documents/Github/vitte/src/vitte/compiler/diagnostics/report.vit:31:9: E_BOOTSTRAP_TOP_LEVEL: unsupported top-level item
/Users/vincent/Documents/Github/vitte/src/vitte/compiler/diagnostics/report.vit:32:9: E_BOOTSTRAP_TOP_LEVEL: unsupported top-level item
/Users/vincent/Documents/Github/vitte/src/vitte/compiler/diagnostics/report.vit:33:9: E_BOOTSTRAP_TOP_LEVEL: unsupported top-level item
/Users/vincent/Documents/Github/vitte/src/vitte/compiler/diagnostics/report.vit:34:9: E_BOOTSTRAP_TOP_LEVEL: unsupported top-level item
/Users/vincent/Documents/Github/vitte/src/vitte/compiler/diagnostics/report.vit:35:9: E_BOOTSTRAP_TOP_LEVEL: unsupported top-level item
/Users/vincent/Documents/Github/vitte/src/vitte/compiler/diagnostics/report.vit:36:5: E_BOOTSTRAP_TOP_LEVEL: unsupported top-level item
/Users/vincent/Documents/Github/vitte/src/vitte/compiler/diagnostics/report.vit:37:1: E_BOOTSTRAP_TOP_LEVEL: unsupported top-level item
/Users/vincent/Documents/Github/vitte/src/vitte/compiler/diagnostics/report.vit:39:1: E_BOOTSTRAP_PROC_SIGNATURE: bootstrap string proc must have no parameters: proc name() -> string {
/Users/vincent/Documents/Github/vitte/src/vitte/compiler/diagnostics/report.vit:40:5: E_BOOTSTRAP_TOP_LEVEL: unsupported top-level item
/Users/vincent/Documents/Github/vitte/src/vitte/compiler/diagnostics/report.vit:41:1: E_BOOTSTRAP_TOP_LEVEL: unsupported top-level item
/Users/vincent/Documents/Github/vitte/src/vitte/compiler/diagnostics/report.vit:44:5: E_BOOTSTRAP_PROC_BODY: unsupported statement in bootstrap proc
/Users/vincent/Documents/Github/vitte/src/vitte/compiler/diagnostics/report.vit:45:1: E_BOOTSTRAP_PROC_BODY: expected exactly one supported give
/Users/vincent/Documents/Github/vitte/src/vitte/compiler/diagnostics/report.vit:48:5: E_BOOTSTRAP_PROC_BODY: unsupported statement in bootstrap proc
/Users/vincent/Documents/Github/vitte/src/vitte/compiler/diagnostics/report.vit:49:1: E_BOOTSTRAP_PROC_BODY: expected exactly one supported give
/Users/vincent/Documents/Github/vitte/src/vitte/compiler/diagnostics/report.vit:52:5: E_BOOTSTRAP_PROC_BODY: unsupported statement in bootstrap proc
/Users/vincent/Documents/Github/vitte/src/vitte/compiler/diagnostics/report.vit:53:1: E_BOOTSTRAP_PROC_BODY: expected exactly one supported give
/Users/vincent/Documents/Github/vitte/src/vitte/compiler/diagnostics/report.vit:56:5: E_BOOTSTRAP_PROC_BODY: unsupported statement in bootstrap proc
/Users/vincent/Documents/Github/vitte/src/vitte/compiler/diagnostics/report.vit:57:1: E_BOOTSTRAP_PROC_BODY: expected exactly one supported give
/Users/vincent/Documents/Github/vitte/src/vitte/compiler/diagnostics/report.vit:60:5: E_BOOTSTRAP_PROC_BODY: unsupported statement in bootstrap proc
/Users/vincent/Documents/Github/vitte/src/vitte/compiler/diagnostics/report.vit:61:1: E_BOOTSTRAP_PROC_BODY: expected exactly one supported give
/Users/vincent/Documents/Github/vitte/src/vitte/compiler/diagnostics/report.vit:64:5: E_BOOTSTRAP_PROC_BODY: unsupported statement in bootstrap proc
/Users/vincent/Documents/Github/vitte/src/vitte/compiler/diagnostics/report.vit:65:1: E_BOOTSTRAP_PROC_BODY: expected exactly one supported give
/Users/vincent/Documents/Github/vitte/src/vitte/compiler/diagnostics/report.vit:68:5: E_BOOTSTRAP_PROC_BODY: unsupported statement in bootstrap proc
/Users/vincent/Documents/Github/vitte/src/vitte/compiler/diagnostics/report.vit:69:1: E_BOOTSTRAP_PROC_BODY: expected exactly one supported give
/Users/vincent/Documents/Github/vitte/src/vitte/compiler/diagnostics/report.vit:71:1: E_BOOTSTRAP_PROC_SIGNATURE: bootstrap string proc must have no parameters: proc name() -> string {
/Users/vincent/Documents/Github/vitte/src/vitte/compiler/diagnostics/report.vit:72:5: E_BOOTSTRAP_TOP_LEVEL: unsupported top-level item
/Users/vincent/Documents/Github/vitte/src/vitte/compiler/diagnostics/report.vit:74:5: E_BOOTSTRAP_TOP_LEVEL: unsupported top-level item
/Users/vincent/Documents/Github/vitte/src/vitte/compiler/diagnostics/report.vit:75:9: E_BOOTSTRAP_TOP_LEVEL: unsupported top-level item
/Users/vincent/Documents/Github/vitte/src/vitte/compiler/diagnostics/report.vit:76:5: E_BOOTSTRAP_TOP_LEVEL: unsupported top-level item
/Users/vincent/Documents/Github/vitte/src/vitte/compiler/diagnostics/report.vit:78:5: E_BOOTSTRAP_TOP_LEVEL: unsupported top-level item
/Users/vincent/Documents/Github/vitte/src/vitte/compiler/diagnostics/report.vit:79:9: E_BOOTSTRAP_TOP_LEVEL: unsupported top-level item
/Users/vincent/Documents/Github/vitte/src/vitte/compiler/diagnostics/report.vit:80:5: E_BOOTSTRAP_TOP_LEVEL: unsupported top-level item
/Users/vincent/Documents/Github/vitte/src/vitte/compiler/diagnostics/report.vit:82:5: E_BOOTSTRAP_TOP_LEVEL: unsupported top-level item
/Users/vincent/Documents/Github/vitte/src/vitte/compiler/diagnostics/report.vit:83:9: E_BOOTSTRAP_TOP_LEVEL: unsupported top-level item
/Users/vincent/Documents/Github/vitte/src/vitte/compiler/diagnostics/report.vit:84:5: E_BOOTSTRAP_TOP_LEVEL: unsupported top-level item
/Users/vincent/Documents/Github/vitte/src/vitte/compiler/diagnostics/report.vit:86:5: E_BOOTSTRAP_TOP_LEVEL: unsupported top-level item
/Users/vincent/Documents/Github/vitte/src/vitte/compiler/diagnostics/report.vit:87:9: E_BOOTSTRAP_TOP_LEVEL: unsupported top-level item
/Users/vincent/Documents/Github/vitte/src/vitte/compiler/diagnostics/report.vit:88:5: E_BOOTSTRAP_TOP_LEVEL: unsupported top-level item
/Users/vincent/Documents/Github/vitte/src/vitte/compiler/diagnostics/report.vit:90:5: E_BOOTSTRAP_TOP_LEVEL: unsupported top-level item
/Users/vincent/Documents/Github/vitte/src/vitte/compiler/diagnostics/report.vit:91:1: E_BOOTSTRAP_TOP_LEVEL: unsupported top-level item
/Users/vincent/Documents/Github/vitte/src/vitte/compiler/diagnostics/report.vit:93:1: E_BOOTSTRAP_PROC_SIGNATURE: bootstrap string proc must have no parameters: proc name() -> string {
/Users/vincent/Documents/Github/vitte/src/vitte/compiler/diagnostics/report.vit:94:5: E_BOOTSTRAP_TOP_LEVEL: unsupported top-level item
/Users/vincent/Documents/Github/vitte/src/vitte/compiler/diagnostics/report.vit:95:5: E_BOOTSTRAP_TOP_LEVEL: unsupported top-level item
/Users/vincent/Documents/Github/vitte/src/vitte/compiler/diagnostics/report.vit:96:5: E_BOOTSTRAP_TOP_LEVEL: unsupported top-level item
/Users/vincent/Documents/Github/vitte/src/vitte/compiler/diagnostics/report.vit:97:5: E_BOOTSTRAP_TOP_LEVEL: unsupported top-level item
/Users/vincent/Documents/Github/vitte/src/vitte/compiler/diagnostics/report.vit:98:5: E_BOOTSTRAP_TOP_LEVEL: unsupported top-level item
/Users/vincent/Documents/Github/vitte/src/vitte/compiler/diagnostics/report.vit:99:1: E_BOOTSTRAP_TOP_LEVEL: unsupported top-level item
/Users/vincent/Documents/Github/vitte/src/vitte/compiler/diagnostics/report.vit:1:1: E_BOOTSTRAP_VERSION: missing version_text()
/Users/vincent/Documents/Github/vitte/src/vitte/compiler/diagnostics/report.vit:1:1: E_BOOTSTRAP_BANNER: missing banner_text()
