/Users/vincent/Documents/Github/vitte/src/vitte/compiler/backend/link/linker.vit:3:1: E_BOOTSTRAP_TOP_LEVEL: unsupported top-level item
/Users/vincent/Documents/Github/vitte/src/vitte/compiler/backend/link/linker.vit:4:1: E_BOOTSTRAP_TOP_LEVEL: unsupported top-level item
/Users/vincent/Documents/Github/vitte/src/vitte/compiler/backend/link/linker.vit:5:1: E_BOOTSTRAP_TOP_LEVEL: unsupported top-level item
/Users/vincent/Documents/Github/vitte/src/vitte/compiler/backend/link/linker.vit:6:5: E_BOOTSTRAP_TOP_LEVEL: unsupported top-level item
/Users/vincent/Documents/Github/vitte/src/vitte/compiler/backend/link/linker.vit:7:5: E_BOOTSTRAP_TOP_LEVEL: unsupported top-level item
/Users/vincent/Documents/Github/vitte/src/vitte/compiler/backend/link/linker.vit:8:5: E_BOOTSTRAP_TOP_LEVEL: unsupported top-level item
/Users/vincent/Documents/Github/vitte/src/vitte/compiler/backend/link/linker.vit:9:5: E_BOOTSTRAP_TOP_LEVEL: unsupported top-level item
/Users/vincent/Documents/Github/vitte/src/vitte/compiler/backend/link/linker.vit:10:5: E_BOOTSTRAP_TOP_LEVEL: unsupported top-level item
/Users/vincent/Documents/Github/vitte/src/vitte/compiler/backend/link/linker.vit:11:5: E_BOOTSTRAP_TOP_LEVEL: unsupported top-level item
/Users/vincent/Documents/Github/vitte/src/vitte/compiler/backend/link/linker.vit:12:5: E_BOOTSTRAP_TOP_LEVEL: unsupported top-level item
/Users/vincent/Documents/Github/vitte/src/vitte/compiler/backend/link/linker.vit:13:5: E_BOOTSTRAP_TOP_LEVEL: unsupported top-level item
/Users/vincent/Documents/Github/vitte/src/vitte/compiler/backend/link/linker.vit:14:5: E_BOOTSTRAP_TOP_LEVEL: unsupported top-level item
/Users/vincent/Documents/Github/vitte/src/vitte/compiler/backend/link/linker.vit:15:5: E_BOOTSTRAP_TOP_LEVEL: unsupported top-level item
/Users/vincent/Documents/Github/vitte/src/vitte/compiler/backend/link/linker.vit:16:5: E_BOOTSTRAP_TOP_LEVEL: unsupported top-level item
/Users/vincent/Documents/Github/vitte/src/vitte/compiler/backend/link/linker.vit:17:5: E_BOOTSTRAP_TOP_LEVEL: unsupported top-level item
/Users/vincent/Documents/Github/vitte/src/vitte/compiler/backend/link/linker.vit:18:5: E_BOOTSTRAP_TOP_LEVEL: unsupported top-level item
/Users/vincent/Documents/Github/vitte/src/vitte/compiler/backend/link/linker.vit:19:5: E_BOOTSTRAP_TOP_LEVEL: unsupported top-level item
/Users/vincent/Documents/Github/vitte/src/vitte/compiler/backend/link/linker.vit:20:5: E_BOOTSTRAP_TOP_LEVEL: unsupported top-level item
/Users/vincent/Documents/Github/vitte/src/vitte/compiler/backend/link/linker.vit:21:5: E_BOOTSTRAP_TOP_LEVEL: unsupported top-level item
/Users/vincent/Documents/Github/vitte/src/vitte/compiler/backend/link/linker.vit:22:5: E_BOOTSTRAP_TOP_LEVEL: unsupported top-level item
/Users/vincent/Documents/Github/vitte/src/vitte/compiler/backend/link/linker.vit:23:5: E_BOOTSTRAP_TOP_LEVEL: unsupported top-level item
/Users/vincent/Documents/Github/vitte/src/vitte/compiler/backend/link/linker.vit:24:5: E_BOOTSTRAP_TOP_LEVEL: unsupported top-level item
/Users/vincent/Documents/Github/vitte/src/vitte/compiler/backend/link/linker.vit:25:5: E_BOOTSTRAP_TOP_LEVEL: unsupported top-level item
/Users/vincent/Documents/Github/vitte/src/vitte/compiler/backend/link/linker.vit:26:5: E_BOOTSTRAP_TOP_LEVEL: unsupported top-level item
/Users/vincent/Documents/Github/vitte/src/vitte/compiler/backend/link/linker.vit:27:5: E_BOOTSTRAP_TOP_LEVEL: unsupported top-level item
/Users/vincent/Documents/Github/vitte/src/vitte/compiler/backend/link/linker.vit:28:5: E_BOOTSTRAP_TOP_LEVEL: unsupported top-level item
/Users/vincent/Documents/Github/vitte/src/vitte/compiler/backend/link/linker.vit:29:1: E_BOOTSTRAP_TOP_LEVEL: unsupported top-level item
/Users/vincent/Documents/Github/vitte/src/vitte/compiler/backend/link/linker.vit:30:1: E_BOOTSTRAP_TOP_LEVEL: unsupported top-level item
/Users/vincent/Documents/Github/vitte/src/vitte/compiler/backend/link/linker.vit:32:1: E_BOOTSTRAP_TOP_LEVEL: unsupported top-level item
/Users/vincent/Documents/Github/vitte/src/vitte/compiler/backend/link/linker.vit:33:5: E_BOOTSTRAP_TOP_LEVEL: unsupported top-level item
/Users/vincent/Documents/Github/vitte/src/vitte/compiler/backend/link/linker.vit:34:5: E_BOOTSTRAP_TOP_LEVEL: unsupported top-level item
/Users/vincent/Documents/Github/vitte/src/vitte/compiler/backend/link/linker.vit:35:1: E_BOOTSTRAP_TOP_LEVEL: unsupported top-level item
/Users/vincent/Documents/Github/vitte/src/vitte/compiler/backend/link/linker.vit:37:1: E_BOOTSTRAP_TOP_LEVEL: unsupported top-level item
/Users/vincent/Documents/Github/vitte/src/vitte/compiler/backend/link/linker.vit:38:5: E_BOOTSTRAP_TOP_LEVEL: unsupported top-level item
/Users/vincent/Documents/Github/vitte/src/vitte/compiler/backend/link/linker.vit:39:5: E_BOOTSTRAP_TOP_LEVEL: unsupported top-level item
/Users/vincent/Documents/Github/vitte/src/vitte/compiler/backend/link/linker.vit:40:5: E_BOOTSTRAP_TOP_LEVEL: unsupported top-level item
/Users/vincent/Documents/Github/vitte/src/vitte/compiler/backend/link/linker.vit:41:5: E_BOOTSTRAP_TOP_LEVEL: unsupported top-level item
/Users/vincent/Documents/Github/vitte/src/vitte/compiler/backend/link/linker.vit:42:5: E_BOOTSTRAP_TOP_LEVEL: unsupported top-level item
/Users/vincent/Documents/Github/vitte/src/vitte/compiler/backend/link/linker.vit:43:1: E_BOOTSTRAP_TOP_LEVEL: unsupported top-level item
/Users/vincent/Documents/Github/vitte/src/vitte/compiler/backend/link/linker.vit:45:1: E_BOOTSTRAP_TOP_LEVEL: unsupported top-level item
/Users/vincent/Documents/Github/vitte/src/vitte/compiler/backend/link/linker.vit:46:5: E_BOOTSTRAP_TOP_LEVEL: unsupported top-level item
/Users/vincent/Documents/Github/vitte/src/vitte/compiler/backend/link/linker.vit:47:5: E_BOOTSTRAP_TOP_LEVEL: unsupported top-level item
/Users/vincent/Documents/Github/vitte/src/vitte/compiler/backend/link/linker.vit:48:5: E_BOOTSTRAP_TOP_LEVEL: unsupported top-level item
/Users/vincent/Documents/Github/vitte/src/vitte/compiler/backend/link/linker.vit:49:5: E_BOOTSTRAP_TOP_LEVEL: unsupported top-level item
/Users/vincent/Documents/Github/vitte/src/vitte/compiler/backend/link/linker.vit:50:1: E_BOOTSTRAP_TOP_LEVEL: unsupported top-level item
/Users/vincent/Documents/Github/vitte/src/vitte/compiler/backend/link/linker.vit:52:1: E_BOOTSTRAP_TOP_LEVEL: unsupported top-level item
/Users/vincent/Documents/Github/vitte/src/vitte/compiler/backend/link/linker.vit:53:5: E_BOOTSTRAP_TOP_LEVEL: unsupported top-level item
/Users/vincent/Documents/Github/vitte/src/vitte/compiler/backend/link/linker.vit:54:5: E_BOOTSTRAP_TOP_LEVEL: unsupported top-level item
/Users/vincent/Documents/Github/vitte/src/vitte/compiler/backend/link/linker.vit:55:5: E_BOOTSTRAP_TOP_LEVEL: unsupported top-level item
/Users/vincent/Documents/Github/vitte/src/vitte/compiler/backend/link/linker.vit:56:5: E_BOOTSTRAP_TOP_LEVEL: unsupported top-level item
/Users/vincent/Documents/Github/vitte/src/vitte/compiler/backend/link/linker.vit:57:5: E_BOOTSTRAP_TOP_LEVEL: unsupported top-level item
/Users/vincent/Documents/Github/vitte/src/vitte/compiler/backend/link/linker.vit:58:5: E_BOOTSTRAP_TOP_LEVEL: unsupported top-level item
/Users/vincent/Documents/Github/vitte/src/vitte/compiler/backend/link/linker.vit:59:1: E_BOOTSTRAP_TOP_LEVEL: unsupported top-level item
/Users/vincent/Documents/Github/vitte/src/vitte/compiler/backend/link/linker.vit:62:5: E_BOOTSTRAP_PROC_BODY: unsupported statement in bootstrap proc
/Users/vincent/Documents/Github/vitte/src/vitte/compiler/backend/link/linker.vit:63:1: E_BOOTSTRAP_PROC_BODY: expected exactly one supported give
/Users/vincent/Documents/Github/vitte/src/vitte/compiler/backend/link/linker.vit:65:1: E_BOOTSTRAP_PROC_SIGNATURE: bootstrap string proc must have no parameters: proc name() -> string {
/Users/vincent/Documents/Github/vitte/src/vitte/compiler/backend/link/linker.vit:66:5: E_BOOTSTRAP_TOP_LEVEL: unsupported top-level item
/Users/vincent/Documents/Github/vitte/src/vitte/compiler/backend/link/linker.vit:67:1: E_BOOTSTRAP_TOP_LEVEL: unsupported top-level item
/Users/vincent/Documents/Github/vitte/src/vitte/compiler/backend/link/linker.vit:69:1: E_BOOTSTRAP_PROC_SIGNATURE: bootstrap string proc must have no parameters: proc name() -> string {
/Users/vincent/Documents/Github/vitte/src/vitte/compiler/backend/link/linker.vit:70:5: E_BOOTSTRAP_TOP_LEVEL: unsupported top-level item
/Users/vincent/Documents/Github/vitte/src/vitte/compiler/backend/link/linker.vit:71:5: E_BOOTSTRAP_TOP_LEVEL: unsupported top-level item
/Users/vincent/Documents/Github/vitte/src/vitte/compiler/backend/link/linker.vit:72:5: E_BOOTSTRAP_TOP_LEVEL: unsupported top-level item
/Users/vincent/Documents/Github/vitte/src/vitte/compiler/backend/link/linker.vit:73:9: E_BOOTSTRAP_TOP_LEVEL: unsupported top-level item
/Users/vincent/Documents/Github/vitte/src/vitte/compiler/backend/link/linker.vit:74:5: E_BOOTSTRAP_TOP_LEVEL: unsupported top-level item
/Users/vincent/Documents/Github/vitte/src/vitte/compiler/backend/link/linker.vit:75:5: E_BOOTSTRAP_TOP_LEVEL: unsupported top-level item
/Users/vincent/Documents/Github/vitte/src/vitte/compiler/backend/link/linker.vit:76:9: E_BOOTSTRAP_TOP_LEVEL: unsupported top-level item
/Users/vincent/Documents/Github/vitte/src/vitte/compiler/backend/link/linker.vit:77:9: E_BOOTSTRAP_TOP_LEVEL: unsupported top-level item
/Users/vincent/Documents/Github/vitte/src/vitte/compiler/backend/link/linker.vit:78:5: E_BOOTSTRAP_TOP_LEVEL: unsupported top-level item
/Users/vincent/Documents/Github/vitte/src/vitte/compiler/backend/link/linker.vit:79:1: E_BOOTSTRAP_TOP_LEVEL: unsupported top-level item
/Users/vincent/Documents/Github/vitte/src/vitte/compiler/backend/link/linker.vit:81:1: E_BOOTSTRAP_PROC_SIGNATURE: bootstrap string proc must have no parameters: proc name() -> string {
/Users/vincent/Documents/Github/vitte/src/vitte/compiler/backend/link/linker.vit:82:5: E_BOOTSTRAP_TOP_LEVEL: unsupported top-level item
/Users/vincent/Documents/Github/vitte/src/vitte/compiler/backend/link/linker.vit:83:9: E_BOOTSTRAP_TOP_LEVEL: unsupported top-level item
/Users/vincent/Documents/Github/vitte/src/vitte/compiler/backend/link/linker.vit:84:5: E_BOOTSTRAP_TOP_LEVEL: unsupported top-level item
/Users/vincent/Documents/Github/vitte/src/vitte/compiler/backend/link/linker.vit:85:5: E_BOOTSTRAP_TOP_LEVEL: unsupported top-level item
/Users/vincent/Documents/Github/vitte/src/vitte/compiler/backend/link/linker.vit:86:1: E_BOOTSTRAP_TOP_LEVEL: unsupported top-level item
/Users/vincent/Documents/Github/vitte/src/vitte/compiler/backend/link/linker.vit:88:1: E_BOOTSTRAP_PROC_SIGNATURE: bootstrap string proc must have no parameters: proc name() -> string {
/Users/vincent/Documents/Github/vitte/src/vitte/compiler/backend/link/linker.vit:89:5: E_BOOTSTRAP_TOP_LEVEL: unsupported top-level item
/Users/vincent/Documents/Github/vitte/src/vitte/compiler/backend/link/linker.vit:90:5: E_BOOTSTRAP_TOP_LEVEL: unsupported top-level item
/Users/vincent/Documents/Github/vitte/src/vitte/compiler/backend/link/linker.vit:91:5: E_BOOTSTRAP_TOP_LEVEL: unsupported top-level item
/Users/vincent/Documents/Github/vitte/src/vitte/compiler/backend/link/linker.vit:92:5: E_BOOTSTRAP_TOP_LEVEL: unsupported top-level item
/Users/vincent/Documents/Github/vitte/src/vitte/compiler/backend/link/linker.vit:93:9: E_BOOTSTRAP_TOP_LEVEL: unsupported top-level item
/Users/vincent/Documents/Github/vitte/src/vitte/compiler/backend/link/linker.vit:94:9: E_BOOTSTRAP_TOP_LEVEL: unsupported top-level item
/Users/vincent/Documents/Github/vitte/src/vitte/compiler/backend/link/linker.vit:95:9: E_BOOTSTRAP_TOP_LEVEL: unsupported top-level item
/Users/vincent/Documents/Github/vitte/src/vitte/compiler/backend/link/linker.vit:96:13: E_BOOTSTRAP_TOP_LEVEL: unsupported top-level item
/Users/vincent/Documents/Github/vitte/src/vitte/compiler/backend/link/linker.vit:97:13: E_BOOTSTRAP_TOP_LEVEL: unsupported top-level item
/Users/vincent/Documents/Github/vitte/src/vitte/compiler/backend/link/linker.vit:98:13: E_BOOTSTRAP_TOP_LEVEL: unsupported top-level item
/Users/vincent/Documents/Github/vitte/src/vitte/compiler/backend/link/linker.vit:99:9: E_BOOTSTRAP_TOP_LEVEL: unsupported top-level item
/Users/vincent/Documents/Github/vitte/src/vitte/compiler/backend/link/linker.vit:100:9: E_BOOTSTRAP_TOP_LEVEL: unsupported top-level item
/Users/vincent/Documents/Github/vitte/src/vitte/compiler/backend/link/linker.vit:101:5: E_BOOTSTRAP_TOP_LEVEL: unsupported top-level item
/Users/vincent/Documents/Github/vitte/src/vitte/compiler/backend/link/linker.vit:102:5: E_BOOTSTRAP_TOP_LEVEL: unsupported top-level item
/Users/vincent/Documents/Github/vitte/src/vitte/compiler/backend/link/linker.vit:103:1: E_BOOTSTRAP_TOP_LEVEL: unsupported top-level item
/Users/vincent/Documents/Github/vitte/src/vitte/compiler/backend/link/linker.vit:105:1: E_BOOTSTRAP_PROC_SIGNATURE: bootstrap string proc must have no parameters: proc name() -> string {
/Users/vincent/Documents/Github/vitte/src/vitte/compiler/backend/link/linker.vit:106:5: E_BOOTSTRAP_TOP_LEVEL: unsupported top-level item
/Users/vincent/Documents/Github/vitte/src/vitte/compiler/backend/link/linker.vit:107:5: E_BOOTSTRAP_TOP_LEVEL: unsupported top-level item
/Users/vincent/Documents/Github/vitte/src/vitte/compiler/backend/link/linker.vit:108:5: E_BOOTSTRAP_TOP_LEVEL: unsupported top-level item
/Users/vincent/Documents/Github/vitte/src/vitte/compiler/backend/link/linker.vit:109:5: E_BOOTSTRAP_TOP_LEVEL: unsupported top-level item
/Users/vincent/Documents/Github/vitte/src/vitte/compiler/backend/link/linker.vit:110:9: E_BOOTSTRAP_TOP_LEVEL: unsupported top-level item
/Users/vincent/Documents/Github/vitte/src/vitte/compiler/backend/link/linker.vit:111:9: E_BOOTSTRAP_TOP_LEVEL: unsupported top-level item
/Users/vincent/Documents/Github/vitte/src/vitte/compiler/backend/link/linker.vit:112:9: E_BOOTSTRAP_TOP_LEVEL: unsupported top-level item
/Users/vincent/Documents/Github/vitte/src/vitte/compiler/backend/link/linker.vit:113:13: E_BOOTSTRAP_TOP_LEVEL: unsupported top-level item
/Users/vincent/Documents/Github/vitte/src/vitte/compiler/backend/link/linker.vit:114:13: E_BOOTSTRAP_TOP_LEVEL: unsupported top-level item
/Users/vincent/Documents/Github/vitte/src/vitte/compiler/backend/link/linker.vit:115:9: E_BOOTSTRAP_TOP_LEVEL: unsupported top-level item
/Users/vincent/Documents/Github/vitte/src/vitte/compiler/backend/link/linker.vit:116:9: E_BOOTSTRAP_TOP_LEVEL: unsupported top-level item
/Users/vincent/Documents/Github/vitte/src/vitte/compiler/backend/link/linker.vit:117:5: E_BOOTSTRAP_TOP_LEVEL: unsupported top-level item
/Users/vincent/Documents/Github/vitte/src/vitte/compiler/backend/link/linker.vit:118:5: E_BOOTSTRAP_TOP_LEVEL: unsupported top-level item
/Users/vincent/Documents/Github/vitte/src/vitte/compiler/backend/link/linker.vit:119:1: E_BOOTSTRAP_TOP_LEVEL: unsupported top-level item
/Users/vincent/Documents/Github/vitte/src/vitte/compiler/backend/link/linker.vit:121:1: E_BOOTSTRAP_PROC_SIGNATURE: bootstrap string proc must have no parameters: proc name() -> string {
/Users/vincent/Documents/Github/vitte/src/vitte/compiler/backend/link/linker.vit:122:5: E_BOOTSTRAP_TOP_LEVEL: unsupported top-level item
/Users/vincent/Documents/Github/vitte/src/vitte/compiler/backend/link/linker.vit:123:5: E_BOOTSTRAP_TOP_LEVEL: unsupported top-level item
/Users/vincent/Documents/Github/vitte/src/vitte/compiler/backend/link/linker.vit:124:5: E_BOOTSTRAP_TOP_LEVEL: unsupported top-level item
/Users/vincent/Documents/Github/vitte/src/vitte/compiler/backend/link/linker.vit:125:5: E_BOOTSTRAP_TOP_LEVEL: unsupported top-level item
/Users/vincent/Documents/Github/vitte/src/vitte/compiler/backend/link/linker.vit:126:9: E_BOOTSTRAP_TOP_LEVEL: unsupported top-level item
/Users/vincent/Documents/Github/vitte/src/vitte/compiler/backend/link/linker.vit:127:9: E_BOOTSTRAP_TOP_LEVEL: unsupported top-level item
/Users/vincent/Documents/Github/vitte/src/vitte/compiler/backend/link/linker.vit:128:9: E_BOOTSTRAP_TOP_LEVEL: unsupported top-level item
/Users/vincent/Documents/Github/vitte/src/vitte/compiler/backend/link/linker.vit:129:9: E_BOOTSTRAP_TOP_LEVEL: unsupported top-level item
/Users/vincent/Documents/Github/vitte/src/vitte/compiler/backend/link/linker.vit:130:13: E_BOOTSTRAP_TOP_LEVEL: unsupported top-level item
/Users/vincent/Documents/Github/vitte/src/vitte/compiler/backend/link/linker.vit:131:13: E_BOOTSTRAP_TOP_LEVEL: unsupported top-level item
/Users/vincent/Documents/Github/vitte/src/vitte/compiler/backend/link/linker.vit:132:9: E_BOOTSTRAP_TOP_LEVEL: unsupported top-level item
/Users/vincent/Documents/Github/vitte/src/vitte/compiler/backend/link/linker.vit:133:9: E_BOOTSTRAP_TOP_LEVEL: unsupported top-level item
/Users/vincent/Documents/Github/vitte/src/vitte/compiler/backend/link/linker.vit:134:5: E_BOOTSTRAP_TOP_LEVEL: unsupported top-level item
/Users/vincent/Documents/Github/vitte/src/vitte/compiler/backend/link/linker.vit:135:5: E_BOOTSTRAP_TOP_LEVEL: unsupported top-level item
/Users/vincent/Documents/Github/vitte/src/vitte/compiler/backend/link/linker.vit:136:1: E_BOOTSTRAP_TOP_LEVEL: unsupported top-level item
/Users/vincent/Documents/Github/vitte/src/vitte/compiler/backend/link/linker.vit:138:1: E_BOOTSTRAP_PROC_SIGNATURE: bootstrap string proc must have no parameters: proc name() -> string {
/Users/vincent/Documents/Github/vitte/src/vitte/compiler/backend/link/linker.vit:139:5: E_BOOTSTRAP_TOP_LEVEL: unsupported top-level item
/Users/vincent/Documents/Github/vitte/src/vitte/compiler/backend/link/linker.vit:140:5: E_BOOTSTRAP_TOP_LEVEL: unsupported top-level item
/Users/vincent/Documents/Github/vitte/src/vitte/compiler/backend/link/linker.vit:141:5: E_BOOTSTRAP_TOP_LEVEL: unsupported top-level item
/Users/vincent/Documents/Github/vitte/src/vitte/compiler/backend/link/linker.vit:142:5: E_BOOTSTRAP_TOP_LEVEL: unsupported top-level item
/Users/vincent/Documents/Github/vitte/src/vitte/compiler/backend/link/linker.vit:143:9: E_BOOTSTRAP_TOP_LEVEL: unsupported top-level item
/Users/vincent/Documents/Github/vitte/src/vitte/compiler/backend/link/linker.vit:144:9: E_BOOTSTRAP_TOP_LEVEL: unsupported top-level item
/Users/vincent/Documents/Github/vitte/src/vitte/compiler/backend/link/linker.vit:145:9: E_BOOTSTRAP_TOP_LEVEL: unsupported top-level item
/Users/vincent/Documents/Github/vitte/src/vitte/compiler/backend/link/linker.vit:146:13: E_BOOTSTRAP_TOP_LEVEL: unsupported top-level item
/Users/vincent/Documents/Github/vitte/src/vitte/compiler/backend/link/linker.vit:147:13: E_BOOTSTRAP_TOP_LEVEL: unsupported top-level item
/Users/vincent/Documents/Github/vitte/src/vitte/compiler/backend/link/linker.vit:148:9: E_BOOTSTRAP_TOP_LEVEL: unsupported top-level item
/Users/vincent/Documents/Github/vitte/src/vitte/compiler/backend/link/linker.vit:149:9: E_BOOTSTRAP_TOP_LEVEL: unsupported top-level item
/Users/vincent/Documents/Github/vitte/src/vitte/compiler/backend/link/linker.vit:150:5: E_BOOTSTRAP_TOP_LEVEL: unsupported top-level item
/Users/vincent/Documents/Github/vitte/src/vitte/compiler/backend/link/linker.vit:151:5: E_BOOTSTRAP_TOP_LEVEL: unsupported top-level item
/Users/vincent/Documents/Github/vitte/src/vitte/compiler/backend/link/linker.vit:152:1: E_BOOTSTRAP_TOP_LEVEL: unsupported top-level item
/Users/vincent/Documents/Github/vitte/src/vitte/compiler/backend/link/linker.vit:154:1: E_BOOTSTRAP_PROC_SIGNATURE: bootstrap string proc must have no parameters: proc name() -> string {
/Users/vincent/Documents/Github/vitte/src/vitte/compiler/backend/link/linker.vit:155:5: E_BOOTSTRAP_TOP_LEVEL: unsupported top-level item
/Users/vincent/Documents/Github/vitte/src/vitte/compiler/backend/link/linker.vit:156:1: E_BOOTSTRAP_TOP_LEVEL: unsupported top-level item
/Users/vincent/Documents/Github/vitte/src/vitte/compiler/backend/link/linker.vit:158:1: E_BOOTSTRAP_PROC_SIGNATURE: bootstrap string proc must have no parameters: proc name() -> string {
/Users/vincent/Documents/Github/vitte/src/vitte/compiler/backend/link/linker.vit:159:5: E_BOOTSTRAP_TOP_LEVEL: unsupported top-level item
/Users/vincent/Documents/Github/vitte/src/vitte/compiler/backend/link/linker.vit:160:5: E_BOOTSTRAP_TOP_LEVEL: unsupported top-level item
/Users/vincent/Documents/Github/vitte/src/vitte/compiler/backend/link/linker.vit:161:5: E_BOOTSTRAP_TOP_LEVEL: unsupported top-level item
/Users/vincent/Documents/Github/vitte/src/vitte/compiler/backend/link/linker.vit:162:5: E_BOOTSTRAP_TOP_LEVEL: unsupported top-level item
/Users/vincent/Documents/Github/vitte/src/vitte/compiler/backend/link/linker.vit:163:5: E_BOOTSTRAP_TOP_LEVEL: unsupported top-level item
/Users/vincent/Documents/Github/vitte/src/vitte/compiler/backend/link/linker.vit:164:5: E_BOOTSTRAP_TOP_LEVEL: unsupported top-level item
/Users/vincent/Documents/Github/vitte/src/vitte/compiler/backend/link/linker.vit:165:5: E_BOOTSTRAP_TOP_LEVEL: unsupported top-level item
/Users/vincent/Documents/Github/vitte/src/vitte/compiler/backend/link/linker.vit:166:5: E_BOOTSTRAP_TOP_LEVEL: unsupported top-level item
/Users/vincent/Documents/Github/vitte/src/vitte/compiler/backend/link/linker.vit:167:5: E_BOOTSTRAP_TOP_LEVEL: unsupported top-level item
/Users/vincent/Documents/Github/vitte/src/vitte/compiler/backend/link/linker.vit:168:5: E_BOOTSTRAP_TOP_LEVEL: unsupported top-level item
/Users/vincent/Documents/Github/vitte/src/vitte/compiler/backend/link/linker.vit:169:5: E_BOOTSTRAP_TOP_LEVEL: unsupported top-level item
/Users/vincent/Documents/Github/vitte/src/vitte/compiler/backend/link/linker.vit:170:9: E_BOOTSTRAP_TOP_LEVEL: unsupported top-level item
/Users/vincent/Documents/Github/vitte/src/vitte/compiler/backend/link/linker.vit:171:9: E_BOOTSTRAP_TOP_LEVEL: unsupported top-level item
/Users/vincent/Documents/Github/vitte/src/vitte/compiler/backend/link/linker.vit:172:9: E_BOOTSTRAP_TOP_LEVEL: unsupported top-level item
/Users/vincent/Documents/Github/vitte/src/vitte/compiler/backend/link/linker.vit:173:9: E_BOOTSTRAP_TOP_LEVEL: unsupported top-level item
/Users/vincent/Documents/Github/vitte/src/vitte/compiler/backend/link/linker.vit:174:9: E_BOOTSTRAP_TOP_LEVEL: unsupported top-level item
/Users/vincent/Documents/Github/vitte/src/vitte/compiler/backend/link/linker.vit:175:5: E_BOOTSTRAP_TOP_LEVEL: unsupported top-level item
/Users/vincent/Documents/Github/vitte/src/vitte/compiler/backend/link/linker.vit:176:1: E_BOOTSTRAP_TOP_LEVEL: unsupported top-level item
/Users/vincent/Documents/Github/vitte/src/vitte/compiler/backend/link/linker.vit:178:1: E_BOOTSTRAP_PROC_SIGNATURE: bootstrap string proc must have no parameters: proc name() -> string {
/Users/vincent/Documents/Github/vitte/src/vitte/compiler/backend/link/linker.vit:179:5: E_BOOTSTRAP_TOP_LEVEL: unsupported top-level item
/Users/vincent/Documents/Github/vitte/src/vitte/compiler/backend/link/linker.vit:180:5: E_BOOTSTRAP_TOP_LEVEL: unsupported top-level item
/Users/vincent/Documents/Github/vitte/src/vitte/compiler/backend/link/linker.vit:181:5: E_BOOTSTRAP_TOP_LEVEL: unsupported top-level item
/Users/vincent/Documents/Github/vitte/src/vitte/compiler/backend/link/linker.vit:182:5: E_BOOTSTRAP_TOP_LEVEL: unsupported top-level item
/Users/vincent/Documents/Github/vitte/src/vitte/compiler/backend/link/linker.vit:183:5: E_BOOTSTRAP_TOP_LEVEL: unsupported top-level item
/Users/vincent/Documents/Github/vitte/src/vitte/compiler/backend/link/linker.vit:184:1: E_BOOTSTRAP_TOP_LEVEL: unsupported top-level item
/Users/vincent/Documents/Github/vitte/src/vitte/compiler/backend/link/linker.vit:186:1: E_BOOTSTRAP_PROC_SIGNATURE: bootstrap string proc must have no parameters: proc name() -> string {
/Users/vincent/Documents/Github/vitte/src/vitte/compiler/backend/link/linker.vit:187:5: E_BOOTSTRAP_TOP_LEVEL: unsupported top-level item
/Users/vincent/Documents/Github/vitte/src/vitte/compiler/backend/link/linker.vit:188:5: E_BOOTSTRAP_TOP_LEVEL: unsupported top-level item
/Users/vincent/Documents/Github/vitte/src/vitte/compiler/backend/link/linker.vit:189:5: E_BOOTSTRAP_TOP_LEVEL: unsupported top-level item
/Users/vincent/Documents/Github/vitte/src/vitte/compiler/backend/link/linker.vit:190:9: E_BOOTSTRAP_TOP_LEVEL: unsupported top-level item
/Users/vincent/Documents/Github/vitte/src/vitte/compiler/backend/link/linker.vit:191:9: E_BOOTSTRAP_TOP_LEVEL: unsupported top-level item
/Users/vincent/Documents/Github/vitte/src/vitte/compiler/backend/link/linker.vit:192:9: E_BOOTSTRAP_TOP_LEVEL: unsupported top-level item
/Users/vincent/Documents/Github/vitte/src/vitte/compiler/backend/link/linker.vit:193:13: E_BOOTSTRAP_TOP_LEVEL: unsupported top-level item
/Users/vincent/Documents/Github/vitte/src/vitte/compiler/backend/link/linker.vit:194:13: E_BOOTSTRAP_TOP_LEVEL: unsupported top-level item
/Users/vincent/Documents/Github/vitte/src/vitte/compiler/backend/link/linker.vit:195:13: E_BOOTSTRAP_TOP_LEVEL: unsupported top-level item
/Users/vincent/Documents/Github/vitte/src/vitte/compiler/backend/link/linker.vit:196:17: E_BOOTSTRAP_TOP_LEVEL: unsupported top-level item
/Users/vincent/Documents/Github/vitte/src/vitte/compiler/backend/link/linker.vit:197:21: E_BOOTSTRAP_TOP_LEVEL: unsupported top-level item
/Users/vincent/Documents/Github/vitte/src/vitte/compiler/backend/link/linker.vit:198:21: E_BOOTSTRAP_TOP_LEVEL: unsupported top-level item
/Users/vincent/Documents/Github/vitte/src/vitte/compiler/backend/link/linker.vit:199:21: E_BOOTSTRAP_TOP_LEVEL: unsupported top-level item
/Users/vincent/Documents/Github/vitte/src/vitte/compiler/backend/link/linker.vit:200:21: E_BOOTSTRAP_TOP_LEVEL: unsupported top-level item
/Users/vincent/Documents/Github/vitte/src/vitte/compiler/backend/link/linker.vit:201:21: E_BOOTSTRAP_TOP_LEVEL: unsupported top-level item
/Users/vincent/Documents/Github/vitte/src/vitte/compiler/backend/link/linker.vit:202:21: E_BOOTSTRAP_TOP_LEVEL: unsupported top-level item
/Users/vincent/Documents/Github/vitte/src/vitte/compiler/backend/link/linker.vit:203:17: E_BOOTSTRAP_TOP_LEVEL: unsupported top-level item
/Users/vincent/Documents/Github/vitte/src/vitte/compiler/backend/link/linker.vit:204:13: E_BOOTSTRAP_TOP_LEVEL: unsupported top-level item
/Users/vincent/Documents/Github/vitte/src/vitte/compiler/backend/link/linker.vit:205:13: E_BOOTSTRAP_TOP_LEVEL: unsupported top-level item
/Users/vincent/Documents/Github/vitte/src/vitte/compiler/backend/link/linker.vit:206:13: E_BOOTSTRAP_TOP_LEVEL: unsupported top-level item
/Users/vincent/Documents/Github/vitte/src/vitte/compiler/backend/link/linker.vit:207:9: E_BOOTSTRAP_TOP_LEVEL: unsupported top-level item
/Users/vincent/Documents/Github/vitte/src/vitte/compiler/backend/link/linker.vit:208:9: E_BOOTSTRAP_TOP_LEVEL: unsupported top-level item
/Users/vincent/Documents/Github/vitte/src/vitte/compiler/backend/link/linker.vit:209:5: E_BOOTSTRAP_TOP_LEVEL: unsupported top-level item
/Users/vincent/Documents/Github/vitte/src/vitte/compiler/backend/link/linker.vit:210:5: E_BOOTSTRAP_TOP_LEVEL: unsupported top-level item
/Users/vincent/Documents/Github/vitte/src/vitte/compiler/backend/link/linker.vit:211:9: E_BOOTSTRAP_TOP_LEVEL: unsupported top-level item
/Users/vincent/Documents/Github/vitte/src/vitte/compiler/backend/link/linker.vit:212:9: E_BOOTSTRAP_TOP_LEVEL: unsupported top-level item
/Users/vincent/Documents/Github/vitte/src/vitte/compiler/backend/link/linker.vit:213:9: E_BOOTSTRAP_TOP_LEVEL: unsupported top-level item
/Users/vincent/Documents/Github/vitte/src/vitte/compiler/backend/link/linker.vit:214:9: E_BOOTSTRAP_TOP_LEVEL: unsupported top-level item
/Users/vincent/Documents/Github/vitte/src/vitte/compiler/backend/link/linker.vit:215:9: E_BOOTSTRAP_TOP_LEVEL: unsupported top-level item
/Users/vincent/Documents/Github/vitte/src/vitte/compiler/backend/link/linker.vit:216:9: E_BOOTSTRAP_TOP_LEVEL: unsupported top-level item
/Users/vincent/Documents/Github/vitte/src/vitte/compiler/backend/link/linker.vit:217:5: E_BOOTSTRAP_TOP_LEVEL: unsupported top-level item
/Users/vincent/Documents/Github/vitte/src/vitte/compiler/backend/link/linker.vit:218:1: E_BOOTSTRAP_TOP_LEVEL: unsupported top-level item
/Users/vincent/Documents/Github/vitte/src/vitte/compiler/backend/link/linker.vit:220:1: E_BOOTSTRAP_PROC_SIGNATURE: bootstrap string proc must have no parameters: proc name() -> string {
/Users/vincent/Documents/Github/vitte/src/vitte/compiler/backend/link/linker.vit:221:5: E_BOOTSTRAP_TOP_LEVEL: unsupported top-level item
/Users/vincent/Documents/Github/vitte/src/vitte/compiler/backend/link/linker.vit:222:5: E_BOOTSTRAP_TOP_LEVEL: unsupported top-level item
/Users/vincent/Documents/Github/vitte/src/vitte/compiler/backend/link/linker.vit:223:5: E_BOOTSTRAP_TOP_LEVEL: unsupported top-level item
/Users/vincent/Documents/Github/vitte/src/vitte/compiler/backend/link/linker.vit:224:5: E_BOOTSTRAP_TOP_LEVEL: unsupported top-level item
/Users/vincent/Documents/Github/vitte/src/vitte/compiler/backend/link/linker.vit:225:5: E_BOOTSTRAP_TOP_LEVEL: unsupported top-level item
/Users/vincent/Documents/Github/vitte/src/vitte/compiler/backend/link/linker.vit:226:5: E_BOOTSTRAP_TOP_LEVEL: unsupported top-level item
/Users/vincent/Documents/Github/vitte/src/vitte/compiler/backend/link/linker.vit:227:5: E_BOOTSTRAP_TOP_LEVEL: unsupported top-level item
/Users/vincent/Documents/Github/vitte/src/vitte/compiler/backend/link/linker.vit:228:9: E_BOOTSTRAP_TOP_LEVEL: unsupported top-level item
/Users/vincent/Documents/Github/vitte/src/vitte/compiler/backend/link/linker.vit:229:9: E_BOOTSTRAP_TOP_LEVEL: unsupported top-level item
/Users/vincent/Documents/Github/vitte/src/vitte/compiler/backend/link/linker.vit:230:9: E_BOOTSTRAP_TOP_LEVEL: unsupported top-level item
/Users/vincent/Documents/Github/vitte/src/vitte/compiler/backend/link/linker.vit:231:13: E_BOOTSTRAP_TOP_LEVEL: unsupported top-level item
/Users/vincent/Documents/Github/vitte/src/vitte/compiler/backend/link/linker.vit:232:13: E_BOOTSTRAP_TOP_LEVEL: unsupported top-level item
/Users/vincent/Documents/Github/vitte/src/vitte/compiler/backend/link/linker.vit:233:13: E_BOOTSTRAP_TOP_LEVEL: unsupported top-level item
/Users/vincent/Documents/Github/vitte/src/vitte/compiler/backend/link/linker.vit:234:17: E_BOOTSTRAP_TOP_LEVEL: unsupported top-level item
/Users/vincent/Documents/Github/vitte/src/vitte/compiler/backend/link/linker.vit:235:17: E_BOOTSTRAP_TOP_LEVEL: unsupported top-level item
/Users/vincent/Documents/Github/vitte/src/vitte/compiler/backend/link/linker.vit:236:17: E_BOOTSTRAP_TOP_LEVEL: unsupported top-level item
/Users/vincent/Documents/Github/vitte/src/vitte/compiler/backend/link/linker.vit:237:17: E_BOOTSTRAP_TOP_LEVEL: unsupported top-level item
/Users/vincent/Documents/Github/vitte/src/vitte/compiler/backend/link/linker.vit:238:17: E_BOOTSTRAP_TOP_LEVEL: unsupported top-level item
/Users/vincent/Documents/Github/vitte/src/vitte/compiler/backend/link/linker.vit:239:17: E_BOOTSTRAP_TOP_LEVEL: unsupported top-level item
/Users/vincent/Documents/Github/vitte/src/vitte/compiler/backend/link/linker.vit:240:17: E_BOOTSTRAP_TOP_LEVEL: unsupported top-level item
/Users/vincent/Documents/Github/vitte/src/vitte/compiler/backend/link/linker.vit:241:17: E_BOOTSTRAP_TOP_LEVEL: unsupported top-level item
/Users/vincent/Documents/Github/vitte/src/vitte/compiler/backend/link/linker.vit:242:17: E_BOOTSTRAP_TOP_LEVEL: unsupported top-level item
/Users/vincent/Documents/Github/vitte/src/vitte/compiler/backend/link/linker.vit:243:13: E_BOOTSTRAP_TOP_LEVEL: unsupported top-level item
/Users/vincent/Documents/Github/vitte/src/vitte/compiler/backend/link/linker.vit:244:13: E_BOOTSTRAP_TOP_LEVEL: unsupported top-level item
/Users/vincent/Documents/Github/vitte/src/vitte/compiler/backend/link/linker.vit:245:13: E_BOOTSTRAP_TOP_LEVEL: unsupported top-level item
/Users/vincent/Documents/Github/vitte/src/vitte/compiler/backend/link/linker.vit:246:13: E_BOOTSTRAP_TOP_LEVEL: unsupported top-level item
/Users/vincent/Documents/Github/vitte/src/vitte/compiler/backend/link/linker.vit:247:13: E_BOOTSTRAP_TOP_LEVEL: unsupported top-level item
/Users/vincent/Documents/Github/vitte/src/vitte/compiler/backend/link/linker.vit:248:9: E_BOOTSTRAP_TOP_LEVEL: unsupported top-level item
/Users/vincent/Documents/Github/vitte/src/vitte/compiler/backend/link/linker.vit:249:9: E_BOOTSTRAP_TOP_LEVEL: unsupported top-level item
/Users/vincent/Documents/Github/vitte/src/vitte/compiler/backend/link/linker.vit:250:9: E_BOOTSTRAP_TOP_LEVEL: unsupported top-level item
/Users/vincent/Documents/Github/vitte/src/vitte/compiler/backend/link/linker.vit:251:13: E_BOOTSTRAP_TOP_LEVEL: unsupported top-level item
/Users/vincent/Documents/Github/vitte/src/vitte/compiler/backend/link/linker.vit:252:13: E_BOOTSTRAP_TOP_LEVEL: unsupported top-level item
/Users/vincent/Documents/Github/vitte/src/vitte/compiler/backend/link/linker.vit:253:13: E_BOOTSTRAP_TOP_LEVEL: unsupported top-level item
/Users/vincent/Documents/Github/vitte/src/vitte/compiler/backend/link/linker.vit:254:13: E_BOOTSTRAP_TOP_LEVEL: unsupported top-level item
/Users/vincent/Documents/Github/vitte/src/vitte/compiler/backend/link/linker.vit:255:13: E_BOOTSTRAP_TOP_LEVEL: unsupported top-level item
/Users/vincent/Documents/Github/vitte/src/vitte/compiler/backend/link/linker.vit:256:17: E_BOOTSTRAP_TOP_LEVEL: unsupported top-level item
/Users/vincent/Documents/Github/vitte/src/vitte/compiler/backend/link/linker.vit:257:17: E_BOOTSTRAP_TOP_LEVEL: unsupported top-level item
/Users/vincent/Documents/Github/vitte/src/vitte/compiler/backend/link/linker.vit:258:17: E_BOOTSTRAP_TOP_LEVEL: unsupported top-level item
/Users/vincent/Documents/Github/vitte/src/vitte/compiler/backend/link/linker.vit:259:17: E_BOOTSTRAP_TOP_LEVEL: unsupported top-level item
/Users/vincent/Documents/Github/vitte/src/vitte/compiler/backend/link/linker.vit:260:17: E_BOOTSTRAP_TOP_LEVEL: unsupported top-level item
/Users/vincent/Documents/Github/vitte/src/vitte/compiler/backend/link/linker.vit:261:17: E_BOOTSTRAP_TOP_LEVEL: unsupported top-level item
/Users/vincent/Documents/Github/vitte/src/vitte/compiler/backend/link/linker.vit:262:17: E_BOOTSTRAP_TOP_LEVEL: unsupported top-level item
/Users/vincent/Documents/Github/vitte/src/vitte/compiler/backend/link/linker.vit:263:17: E_BOOTSTRAP_TOP_LEVEL: unsupported top-level item
/Users/vincent/Documents/Github/vitte/src/vitte/compiler/backend/link/linker.vit:264:17: E_BOOTSTRAP_TOP_LEVEL: unsupported top-level item
/Users/vincent/Documents/Github/vitte/src/vitte/compiler/backend/link/linker.vit:265:13: E_BOOTSTRAP_TOP_LEVEL: unsupported top-level item
/Users/vincent/Documents/Github/vitte/src/vitte/compiler/backend/link/linker.vit:266:13: E_BOOTSTRAP_TOP_LEVEL: unsupported top-level item
/Users/vincent/Documents/Github/vitte/src/vitte/compiler/backend/link/linker.vit:267:13: E_BOOTSTRAP_TOP_LEVEL: unsupported top-level item
/Users/vincent/Documents/Github/vitte/src/vitte/compiler/backend/link/linker.vit:268:17: E_BOOTSTRAP_TOP_LEVEL: unsupported top-level item
/Users/vincent/Documents/Github/vitte/src/vitte/compiler/backend/link/linker.vit:269:17: E_BOOTSTRAP_TOP_LEVEL: unsupported top-level item
/Users/vincent/Documents/Github/vitte/src/vitte/compiler/backend/link/linker.vit:270:17: E_BOOTSTRAP_TOP_LEVEL: unsupported top-level item
/Users/vincent/Documents/Github/vitte/src/vitte/compiler/backend/link/linker.vit:271:17: E_BOOTSTRAP_TOP_LEVEL: unsupported top-level item
/Users/vincent/Documents/Github/vitte/src/vitte/compiler/backend/link/linker.vit:272:17: E_BOOTSTRAP_TOP_LEVEL: unsupported top-level item
/Users/vincent/Documents/Github/vitte/src/vitte/compiler/backend/link/linker.vit:273:17: E_BOOTSTRAP_TOP_LEVEL: unsupported top-level item
/Users/vincent/Documents/Github/vitte/src/vitte/compiler/backend/link/linker.vit:274:17: E_BOOTSTRAP_TOP_LEVEL: unsupported top-level item
/Users/vincent/Documents/Github/vitte/src/vitte/compiler/backend/link/linker.vit:275:17: E_BOOTSTRAP_TOP_LEVEL: unsupported top-level item
/Users/vincent/Documents/Github/vitte/src/vitte/compiler/backend/link/linker.vit:276:17: E_BOOTSTRAP_TOP_LEVEL: unsupported top-level item
/Users/vincent/Documents/Github/vitte/src/vitte/compiler/backend/link/linker.vit:277:17: E_BOOTSTRAP_TOP_LEVEL: unsupported top-level item
/Users/vincent/Documents/Github/vitte/src/vitte/compiler/backend/link/linker.vit:278:13: E_BOOTSTRAP_TOP_LEVEL: unsupported top-level item
/Users/vincent/Documents/Github/vitte/src/vitte/compiler/backend/link/linker.vit:279:13: E_BOOTSTRAP_TOP_LEVEL: unsupported top-level item
/Users/vincent/Documents/Github/vitte/src/vitte/compiler/backend/link/linker.vit:280:13: E_BOOTSTRAP_TOP_LEVEL: unsupported top-level item
/Users/vincent/Documents/Github/vitte/src/vitte/compiler/backend/link/linker.vit:281:17: E_BOOTSTRAP_TOP_LEVEL: unsupported top-level item
/Users/vincent/Documents/Github/vitte/src/vitte/compiler/backend/link/linker.vit:282:17: E_BOOTSTRAP_TOP_LEVEL: unsupported top-level item
/Users/vincent/Documents/Github/vitte/src/vitte/compiler/backend/link/linker.vit:283:17: E_BOOTSTRAP_TOP_LEVEL: unsupported top-level item
/Users/vincent/Documents/Github/vitte/src/vitte/compiler/backend/link/linker.vit:284:17: E_BOOTSTRAP_TOP_LEVEL: unsupported top-level item
/Users/vincent/Documents/Github/vitte/src/vitte/compiler/backend/link/linker.vit:285:17: E_BOOTSTRAP_TOP_LEVEL: unsupported top-level item
/Users/vincent/Documents/Github/vitte/src/vitte/compiler/backend/link/linker.vit:286:17: E_BOOTSTRAP_TOP_LEVEL: unsupported top-level item
/Users/vincent/Documents/Github/vitte/src/vitte/compiler/backend/link/linker.vit:287:17: E_BOOTSTRAP_TOP_LEVEL: unsupported top-level item
/Users/vincent/Documents/Github/vitte/src/vitte/compiler/backend/link/linker.vit:288:17: E_BOOTSTRAP_TOP_LEVEL: unsupported top-level item
/Users/vincent/Documents/Github/vitte/src/vitte/compiler/backend/link/linker.vit:289:17: E_BOOTSTRAP_TOP_LEVEL: unsupported top-level item
/Users/vincent/Documents/Github/vitte/src/vitte/compiler/backend/link/linker.vit:290:13: E_BOOTSTRAP_TOP_LEVEL: unsupported top-level item
/Users/vincent/Documents/Github/vitte/src/vitte/compiler/backend/link/linker.vit:291:13: E_BOOTSTRAP_TOP_LEVEL: unsupported top-level item
/Users/vincent/Documents/Github/vitte/src/vitte/compiler/backend/link/linker.vit:292:13: E_BOOTSTRAP_TOP_LEVEL: unsupported top-level item
/Users/vincent/Documents/Github/vitte/src/vitte/compiler/backend/link/linker.vit:293:13: E_BOOTSTRAP_TOP_LEVEL: unsupported top-level item
/Users/vincent/Documents/Github/vitte/src/vitte/compiler/backend/link/linker.vit:294:13: E_BOOTSTRAP_TOP_LEVEL: unsupported top-level item
/Users/vincent/Documents/Github/vitte/src/vitte/compiler/backend/link/linker.vit:295:13: E_BOOTSTRAP_TOP_LEVEL: unsupported top-level item
/Users/vincent/Documents/Github/vitte/src/vitte/compiler/backend/link/linker.vit:296:9: E_BOOTSTRAP_TOP_LEVEL: unsupported top-level item
/Users/vincent/Documents/Github/vitte/src/vitte/compiler/backend/link/linker.vit:297:9: E_BOOTSTRAP_TOP_LEVEL: unsupported top-level item
/Users/vincent/Documents/Github/vitte/src/vitte/compiler/backend/link/linker.vit:298:5: E_BOOTSTRAP_TOP_LEVEL: unsupported top-level item
/Users/vincent/Documents/Github/vitte/src/vitte/compiler/backend/link/linker.vit:299:5: E_BOOTSTRAP_TOP_LEVEL: unsupported top-level item
/Users/vincent/Documents/Github/vitte/src/vitte/compiler/backend/link/linker.vit:300:1: E_BOOTSTRAP_TOP_LEVEL: unsupported top-level item
/Users/vincent/Documents/Github/vitte/src/vitte/compiler/backend/link/linker.vit:302:1: E_BOOTSTRAP_PROC_SIGNATURE: bootstrap string proc must have no parameters: proc name() -> string {
/Users/vincent/Documents/Github/vitte/src/vitte/compiler/backend/link/linker.vit:303:5: E_BOOTSTRAP_TOP_LEVEL: unsupported top-level item
/Users/vincent/Documents/Github/vitte/src/vitte/compiler/backend/link/linker.vit:304:1: E_BOOTSTRAP_TOP_LEVEL: unsupported top-level item
/Users/vincent/Documents/Github/vitte/src/vitte/compiler/backend/link/linker.vit:306:1: E_BOOTSTRAP_PROC_SIGNATURE: bootstrap string proc must have no parameters: proc name() -> string {
/Users/vincent/Documents/Github/vitte/src/vitte/compiler/backend/link/linker.vit:307:5: E_BOOTSTRAP_TOP_LEVEL: unsupported top-level item
/Users/vincent/Documents/Github/vitte/src/vitte/compiler/backend/link/linker.vit:308:9: E_BOOTSTRAP_TOP_LEVEL: unsupported top-level item
/Users/vincent/Documents/Github/vitte/src/vitte/compiler/backend/link/linker.vit:309:9: E_BOOTSTRAP_TOP_LEVEL: unsupported top-level item
/Users/vincent/Documents/Github/vitte/src/vitte/compiler/backend/link/linker.vit:310:5: E_BOOTSTRAP_TOP_LEVEL: unsupported top-level item
/Users/vincent/Documents/Github/vitte/src/vitte/compiler/backend/link/linker.vit:311:5: E_BOOTSTRAP_TOP_LEVEL: unsupported top-level item
/Users/vincent/Documents/Github/vitte/src/vitte/compiler/backend/link/linker.vit:312:5: E_BOOTSTRAP_TOP_LEVEL: unsupported top-level item
/Users/vincent/Documents/Github/vitte/src/vitte/compiler/backend/link/linker.vit:313:9: E_BOOTSTRAP_TOP_LEVEL: unsupported top-level item
/Users/vincent/Documents/Github/vitte/src/vitte/compiler/backend/link/linker.vit:314:9: E_BOOTSTRAP_TOP_LEVEL: unsupported top-level item
/Users/vincent/Documents/Github/vitte/src/vitte/compiler/backend/link/linker.vit:315:5: E_BOOTSTRAP_TOP_LEVEL: unsupported top-level item
/Users/vincent/Documents/Github/vitte/src/vitte/compiler/backend/link/linker.vit:316:5: E_BOOTSTRAP_TOP_LEVEL: unsupported top-level item
/Users/vincent/Documents/Github/vitte/src/vitte/compiler/backend/link/linker.vit:317:1: E_BOOTSTRAP_TOP_LEVEL: unsupported top-level item
/Users/vincent/Documents/Github/vitte/src/vitte/compiler/backend/link/linker.vit:319:1: E_BOOTSTRAP_PROC_SIGNATURE: bootstrap string proc must have no parameters: proc name() -> string {
/Users/vincent/Documents/Github/vitte/src/vitte/compiler/backend/link/linker.vit:320:5: E_BOOTSTRAP_TOP_LEVEL: unsupported top-level item
/Users/vincent/Documents/Github/vitte/src/vitte/compiler/backend/link/linker.vit:321:9: E_BOOTSTRAP_TOP_LEVEL: unsupported top-level item
/Users/vincent/Documents/Github/vitte/src/vitte/compiler/backend/link/linker.vit:322:9: E_BOOTSTRAP_TOP_LEVEL: unsupported top-level item
/Users/vincent/Documents/Github/vitte/src/vitte/compiler/backend/link/linker.vit:323:9: E_BOOTSTRAP_TOP_LEVEL: unsupported top-level item
/Users/vincent/Documents/Github/vitte/src/vitte/compiler/backend/link/linker.vit:324:9: E_BOOTSTRAP_TOP_LEVEL: unsupported top-level item
/Users/vincent/Documents/Github/vitte/src/vitte/compiler/backend/link/linker.vit:325:9: E_BOOTSTRAP_TOP_LEVEL: unsupported top-level item
/Users/vincent/Documents/Github/vitte/src/vitte/compiler/backend/link/linker.vit:326:5: E_BOOTSTRAP_TOP_LEVEL: unsupported top-level item
/Users/vincent/Documents/Github/vitte/src/vitte/compiler/backend/link/linker.vit:327:5: E_BOOTSTRAP_TOP_LEVEL: unsupported top-level item
/Users/vincent/Documents/Github/vitte/src/vitte/compiler/backend/link/linker.vit:328:5: E_BOOTSTRAP_TOP_LEVEL: unsupported top-level item
/Users/vincent/Documents/Github/vitte/src/vitte/compiler/backend/link/linker.vit:329:9: E_BOOTSTRAP_TOP_LEVEL: unsupported top-level item
/Users/vincent/Documents/Github/vitte/src/vitte/compiler/backend/link/linker.vit:330:9: E_BOOTSTRAP_TOP_LEVEL: unsupported top-level item
/Users/vincent/Documents/Github/vitte/src/vitte/compiler/backend/link/linker.vit:331:9: E_BOOTSTRAP_TOP_LEVEL: unsupported top-level item
/Users/vincent/Documents/Github/vitte/src/vitte/compiler/backend/link/linker.vit:332:9: E_BOOTSTRAP_TOP_LEVEL: unsupported top-level item
/Users/vincent/Documents/Github/vitte/src/vitte/compiler/backend/link/linker.vit:333:9: E_BOOTSTRAP_TOP_LEVEL: unsupported top-level item
/Users/vincent/Documents/Github/vitte/src/vitte/compiler/backend/link/linker.vit:334:9: E_BOOTSTRAP_TOP_LEVEL: unsupported top-level item
/Users/vincent/Documents/Github/vitte/src/vitte/compiler/backend/link/linker.vit:335:9: E_BOOTSTRAP_TOP_LEVEL: unsupported top-level item
/Users/vincent/Documents/Github/vitte/src/vitte/compiler/backend/link/linker.vit:336:9: E_BOOTSTRAP_TOP_LEVEL: unsupported top-level item
/Users/vincent/Documents/Github/vitte/src/vitte/compiler/backend/link/linker.vit:337:5: E_BOOTSTRAP_TOP_LEVEL: unsupported top-level item
/Users/vincent/Documents/Github/vitte/src/vitte/compiler/backend/link/linker.vit:338:5: E_BOOTSTRAP_TOP_LEVEL: unsupported top-level item
/Users/vincent/Documents/Github/vitte/src/vitte/compiler/backend/link/linker.vit:339:5: E_BOOTSTRAP_TOP_LEVEL: unsupported top-level item
/Users/vincent/Documents/Github/vitte/src/vitte/compiler/backend/link/linker.vit:340:1: E_BOOTSTRAP_TOP_LEVEL: unsupported top-level item
/Users/vincent/Documents/Github/vitte/src/vitte/compiler/backend/link/linker.vit:342:1: E_BOOTSTRAP_PROC_SIGNATURE: bootstrap string proc must have no parameters: proc name() -> string {
/Users/vincent/Documents/Github/vitte/src/vitte/compiler/backend/link/linker.vit:343:5: E_BOOTSTRAP_TOP_LEVEL: unsupported top-level item
/Users/vincent/Documents/Github/vitte/src/vitte/compiler/backend/link/linker.vit:344:1: E_BOOTSTRAP_TOP_LEVEL: unsupported top-level item
/Users/vincent/Documents/Github/vitte/src/vitte/compiler/backend/link/linker.vit:346:1: E_BOOTSTRAP_PROC_SIGNATURE: bootstrap string proc must have no parameters: proc name() -> string {
/Users/vincent/Documents/Github/vitte/src/vitte/compiler/backend/link/linker.vit:347:5: E_BOOTSTRAP_TOP_LEVEL: unsupported top-level item
/Users/vincent/Documents/Github/vitte/src/vitte/compiler/backend/link/linker.vit:348:5: E_BOOTSTRAP_TOP_LEVEL: unsupported top-level item
/Users/vincent/Documents/Github/vitte/src/vitte/compiler/backend/link/linker.vit:349:5: E_BOOTSTRAP_TOP_LEVEL: unsupported top-level item
/Users/vincent/Documents/Github/vitte/src/vitte/compiler/backend/link/linker.vit:350:5: E_BOOTSTRAP_TOP_LEVEL: unsupported top-level item
/Users/vincent/Documents/Github/vitte/src/vitte/compiler/backend/link/linker.vit:351:5: E_BOOTSTRAP_TOP_LEVEL: unsupported top-level item
/Users/vincent/Documents/Github/vitte/src/vitte/compiler/backend/link/linker.vit:352:5: E_BOOTSTRAP_TOP_LEVEL: unsupported top-level item
/Users/vincent/Documents/Github/vitte/src/vitte/compiler/backend/link/linker.vit:354:5: E_BOOTSTRAP_TOP_LEVEL: unsupported top-level item
/Users/vincent/Documents/Github/vitte/src/vitte/compiler/backend/link/linker.vit:355:9: E_BOOTSTRAP_TOP_LEVEL: unsupported top-level item
/Users/vincent/Documents/Github/vitte/src/vitte/compiler/backend/link/linker.vit:356:9: E_BOOTSTRAP_TOP_LEVEL: unsupported top-level item
/Users/vincent/Documents/Github/vitte/src/vitte/compiler/backend/link/linker.vit:357:9: E_BOOTSTRAP_TOP_LEVEL: unsupported top-level item
/Users/vincent/Documents/Github/vitte/src/vitte/compiler/backend/link/linker.vit:358:9: E_BOOTSTRAP_TOP_LEVEL: unsupported top-level item
/Users/vincent/Documents/Github/vitte/src/vitte/compiler/backend/link/linker.vit:359:9: E_BOOTSTRAP_TOP_LEVEL: unsupported top-level item
/Users/vincent/Documents/Github/vitte/src/vitte/compiler/backend/link/linker.vit:360:5: E_BOOTSTRAP_TOP_LEVEL: unsupported top-level item
/Users/vincent/Documents/Github/vitte/src/vitte/compiler/backend/link/linker.vit:362:5: E_BOOTSTRAP_TOP_LEVEL: unsupported top-level item
/Users/vincent/Documents/Github/vitte/src/vitte/compiler/backend/link/linker.vit:363:5: E_BOOTSTRAP_TOP_LEVEL: unsupported top-level item
/Users/vincent/Documents/Github/vitte/src/vitte/compiler/backend/link/linker.vit:364:5: E_BOOTSTRAP_TOP_LEVEL: unsupported top-level item
/Users/vincent/Documents/Github/vitte/src/vitte/compiler/backend/link/linker.vit:365:5: E_BOOTSTRAP_TOP_LEVEL: unsupported top-level item
/Users/vincent/Documents/Github/vitte/src/vitte/compiler/backend/link/linker.vit:366:5: E_BOOTSTRAP_TOP_LEVEL: unsupported top-level item
/Users/vincent/Documents/Github/vitte/src/vitte/compiler/backend/link/linker.vit:367:5: E_BOOTSTRAP_TOP_LEVEL: unsupported top-level item
/Users/vincent/Documents/Github/vitte/src/vitte/compiler/backend/link/linker.vit:369:5: E_BOOTSTRAP_TOP_LEVEL: unsupported top-level item
/Users/vincent/Documents/Github/vitte/src/vitte/compiler/backend/link/linker.vit:370:5: E_BOOTSTRAP_TOP_LEVEL: unsupported top-level item
/Users/vincent/Documents/Github/vitte/src/vitte/compiler/backend/link/linker.vit:371:1: E_BOOTSTRAP_TOP_LEVEL: unsupported top-level item
/Users/vincent/Documents/Github/vitte/src/vitte/compiler/backend/link/linker.vit:1:1: E_BOOTSTRAP_EXPORT: expected export *
/Users/vincent/Documents/Github/vitte/src/vitte/compiler/backend/link/linker.vit:1:1: E_BOOTSTRAP_VERSION: missing version_text()
/Users/vincent/Documents/Github/vitte/src/vitte/compiler/backend/link/linker.vit:1:1: E_BOOTSTRAP_BANNER: missing banner_text()
