/Users/vincent/Documents/Github/vitte/src/vitte/compiler/frontend/lexer/scanner.vit:3:1: E_BOOTSTRAP_TOP_LEVEL: unsupported top-level item
/Users/vincent/Documents/Github/vitte/src/vitte/compiler/frontend/lexer/scanner.vit:4:3: E_BOOTSTRAP_TOP_LEVEL: unsupported top-level item
/Users/vincent/Documents/Github/vitte/src/vitte/compiler/frontend/lexer/scanner.vit:5:3: E_BOOTSTRAP_TOP_LEVEL: unsupported top-level item
/Users/vincent/Documents/Github/vitte/src/vitte/compiler/frontend/lexer/scanner.vit:6:3: E_BOOTSTRAP_TOP_LEVEL: unsupported top-level item
/Users/vincent/Documents/Github/vitte/src/vitte/compiler/frontend/lexer/scanner.vit:7:3: E_BOOTSTRAP_TOP_LEVEL: unsupported top-level item
/Users/vincent/Documents/Github/vitte/src/vitte/compiler/frontend/lexer/scanner.vit:8:1: E_BOOTSTRAP_TOP_LEVEL: unsupported top-level item
/Users/vincent/Documents/Github/vitte/src/vitte/compiler/frontend/lexer/scanner.vit:10:1: E_BOOTSTRAP_TOP_LEVEL: unsupported top-level item
/Users/vincent/Documents/Github/vitte/src/vitte/compiler/frontend/lexer/scanner.vit:11:3: E_BOOTSTRAP_TOP_LEVEL: unsupported top-level item
/Users/vincent/Documents/Github/vitte/src/vitte/compiler/frontend/lexer/scanner.vit:12:3: E_BOOTSTRAP_TOP_LEVEL: unsupported top-level item
/Users/vincent/Documents/Github/vitte/src/vitte/compiler/frontend/lexer/scanner.vit:13:3: E_BOOTSTRAP_TOP_LEVEL: unsupported top-level item
/Users/vincent/Documents/Github/vitte/src/vitte/compiler/frontend/lexer/scanner.vit:14:3: E_BOOTSTRAP_TOP_LEVEL: unsupported top-level item
/Users/vincent/Documents/Github/vitte/src/vitte/compiler/frontend/lexer/scanner.vit:15:3: E_BOOTSTRAP_TOP_LEVEL: unsupported top-level item
/Users/vincent/Documents/Github/vitte/src/vitte/compiler/frontend/lexer/scanner.vit:16:3: E_BOOTSTRAP_TOP_LEVEL: unsupported top-level item
/Users/vincent/Documents/Github/vitte/src/vitte/compiler/frontend/lexer/scanner.vit:17:3: E_BOOTSTRAP_TOP_LEVEL: unsupported top-level item
/Users/vincent/Documents/Github/vitte/src/vitte/compiler/frontend/lexer/scanner.vit:18:3: E_BOOTSTRAP_TOP_LEVEL: unsupported top-level item
/Users/vincent/Documents/Github/vitte/src/vitte/compiler/frontend/lexer/scanner.vit:19:3: E_BOOTSTRAP_TOP_LEVEL: unsupported top-level item
/Users/vincent/Documents/Github/vitte/src/vitte/compiler/frontend/lexer/scanner.vit:20:3: E_BOOTSTRAP_TOP_LEVEL: unsupported top-level item
/Users/vincent/Documents/Github/vitte/src/vitte/compiler/frontend/lexer/scanner.vit:21:3: E_BOOTSTRAP_TOP_LEVEL: unsupported top-level item
/Users/vincent/Documents/Github/vitte/src/vitte/compiler/frontend/lexer/scanner.vit:22:3: E_BOOTSTRAP_TOP_LEVEL: unsupported top-level item
/Users/vincent/Documents/Github/vitte/src/vitte/compiler/frontend/lexer/scanner.vit:23:3: E_BOOTSTRAP_TOP_LEVEL: unsupported top-level item
/Users/vincent/Documents/Github/vitte/src/vitte/compiler/frontend/lexer/scanner.vit:24:3: E_BOOTSTRAP_TOP_LEVEL: unsupported top-level item
/Users/vincent/Documents/Github/vitte/src/vitte/compiler/frontend/lexer/scanner.vit:25:3: E_BOOTSTRAP_TOP_LEVEL: unsupported top-level item
/Users/vincent/Documents/Github/vitte/src/vitte/compiler/frontend/lexer/scanner.vit:26:3: E_BOOTSTRAP_TOP_LEVEL: unsupported top-level item
/Users/vincent/Documents/Github/vitte/src/vitte/compiler/frontend/lexer/scanner.vit:27:3: E_BOOTSTRAP_TOP_LEVEL: unsupported top-level item
/Users/vincent/Documents/Github/vitte/src/vitte/compiler/frontend/lexer/scanner.vit:28:3: E_BOOTSTRAP_TOP_LEVEL: unsupported top-level item
/Users/vincent/Documents/Github/vitte/src/vitte/compiler/frontend/lexer/scanner.vit:29:1: E_BOOTSTRAP_TOP_LEVEL: unsupported top-level item
/Users/vincent/Documents/Github/vitte/src/vitte/compiler/frontend/lexer/scanner.vit:31:1: E_BOOTSTRAP_TOP_LEVEL: unsupported top-level item
/Users/vincent/Documents/Github/vitte/src/vitte/compiler/frontend/lexer/scanner.vit:32:3: E_BOOTSTRAP_TOP_LEVEL: unsupported top-level item
/Users/vincent/Documents/Github/vitte/src/vitte/compiler/frontend/lexer/scanner.vit:33:3: E_BOOTSTRAP_TOP_LEVEL: unsupported top-level item
/Users/vincent/Documents/Github/vitte/src/vitte/compiler/frontend/lexer/scanner.vit:34:3: E_BOOTSTRAP_TOP_LEVEL: unsupported top-level item
/Users/vincent/Documents/Github/vitte/src/vitte/compiler/frontend/lexer/scanner.vit:35:3: E_BOOTSTRAP_TOP_LEVEL: unsupported top-level item
/Users/vincent/Documents/Github/vitte/src/vitte/compiler/frontend/lexer/scanner.vit:36:3: E_BOOTSTRAP_TOP_LEVEL: unsupported top-level item
/Users/vincent/Documents/Github/vitte/src/vitte/compiler/frontend/lexer/scanner.vit:37:3: E_BOOTSTRAP_TOP_LEVEL: unsupported top-level item
/Users/vincent/Documents/Github/vitte/src/vitte/compiler/frontend/lexer/scanner.vit:38:3: E_BOOTSTRAP_TOP_LEVEL: unsupported top-level item
/Users/vincent/Documents/Github/vitte/src/vitte/compiler/frontend/lexer/scanner.vit:39:3: E_BOOTSTRAP_TOP_LEVEL: unsupported top-level item
/Users/vincent/Documents/Github/vitte/src/vitte/compiler/frontend/lexer/scanner.vit:40:3: E_BOOTSTRAP_TOP_LEVEL: unsupported top-level item
/Users/vincent/Documents/Github/vitte/src/vitte/compiler/frontend/lexer/scanner.vit:41:3: E_BOOTSTRAP_TOP_LEVEL: unsupported top-level item
/Users/vincent/Documents/Github/vitte/src/vitte/compiler/frontend/lexer/scanner.vit:42:1: E_BOOTSTRAP_TOP_LEVEL: unsupported top-level item
/Users/vincent/Documents/Github/vitte/src/vitte/compiler/frontend/lexer/scanner.vit:44:1: E_BOOTSTRAP_TOP_LEVEL: unsupported top-level item
/Users/vincent/Documents/Github/vitte/src/vitte/compiler/frontend/lexer/scanner.vit:45:3: E_BOOTSTRAP_TOP_LEVEL: unsupported top-level item
/Users/vincent/Documents/Github/vitte/src/vitte/compiler/frontend/lexer/scanner.vit:46:3: E_BOOTSTRAP_TOP_LEVEL: unsupported top-level item
/Users/vincent/Documents/Github/vitte/src/vitte/compiler/frontend/lexer/scanner.vit:47:3: E_BOOTSTRAP_TOP_LEVEL: unsupported top-level item
/Users/vincent/Documents/Github/vitte/src/vitte/compiler/frontend/lexer/scanner.vit:48:3: E_BOOTSTRAP_TOP_LEVEL: unsupported top-level item
/Users/vincent/Documents/Github/vitte/src/vitte/compiler/frontend/lexer/scanner.vit:49:3: E_BOOTSTRAP_TOP_LEVEL: unsupported top-level item
/Users/vincent/Documents/Github/vitte/src/vitte/compiler/frontend/lexer/scanner.vit:50:3: E_BOOTSTRAP_TOP_LEVEL: unsupported top-level item
/Users/vincent/Documents/Github/vitte/src/vitte/compiler/frontend/lexer/scanner.vit:51:3: E_BOOTSTRAP_TOP_LEVEL: unsupported top-level item
/Users/vincent/Documents/Github/vitte/src/vitte/compiler/frontend/lexer/scanner.vit:52:3: E_BOOTSTRAP_TOP_LEVEL: unsupported top-level item
/Users/vincent/Documents/Github/vitte/src/vitte/compiler/frontend/lexer/scanner.vit:53:3: E_BOOTSTRAP_TOP_LEVEL: unsupported top-level item
/Users/vincent/Documents/Github/vitte/src/vitte/compiler/frontend/lexer/scanner.vit:54:1: E_BOOTSTRAP_TOP_LEVEL: unsupported top-level item
/Users/vincent/Documents/Github/vitte/src/vitte/compiler/frontend/lexer/scanner.vit:56:1: E_BOOTSTRAP_TOP_LEVEL: unsupported top-level item
/Users/vincent/Documents/Github/vitte/src/vitte/compiler/frontend/lexer/scanner.vit:57:3: E_BOOTSTRAP_TOP_LEVEL: unsupported top-level item
/Users/vincent/Documents/Github/vitte/src/vitte/compiler/frontend/lexer/scanner.vit:58:3: E_BOOTSTRAP_TOP_LEVEL: unsupported top-level item
/Users/vincent/Documents/Github/vitte/src/vitte/compiler/frontend/lexer/scanner.vit:59:3: E_BOOTSTRAP_TOP_LEVEL: unsupported top-level item
/Users/vincent/Documents/Github/vitte/src/vitte/compiler/frontend/lexer/scanner.vit:60:3: E_BOOTSTRAP_TOP_LEVEL: unsupported top-level item
/Users/vincent/Documents/Github/vitte/src/vitte/compiler/frontend/lexer/scanner.vit:61:3: E_BOOTSTRAP_TOP_LEVEL: unsupported top-level item
/Users/vincent/Documents/Github/vitte/src/vitte/compiler/frontend/lexer/scanner.vit:62:3: E_BOOTSTRAP_TOP_LEVEL: unsupported top-level item
/Users/vincent/Documents/Github/vitte/src/vitte/compiler/frontend/lexer/scanner.vit:63:3: E_BOOTSTRAP_TOP_LEVEL: unsupported top-level item
/Users/vincent/Documents/Github/vitte/src/vitte/compiler/frontend/lexer/scanner.vit:64:3: E_BOOTSTRAP_TOP_LEVEL: unsupported top-level item
/Users/vincent/Documents/Github/vitte/src/vitte/compiler/frontend/lexer/scanner.vit:65:3: E_BOOTSTRAP_TOP_LEVEL: unsupported top-level item
/Users/vincent/Documents/Github/vitte/src/vitte/compiler/frontend/lexer/scanner.vit:66:1: E_BOOTSTRAP_TOP_LEVEL: unsupported top-level item
/Users/vincent/Documents/Github/vitte/src/vitte/compiler/frontend/lexer/scanner.vit:70:1: E_BOOTSTRAP_CONST_SIGNATURE: expected const NAME: string = "..." or const NAME: int = 123
/Users/vincent/Documents/Github/vitte/src/vitte/compiler/frontend/lexer/scanner.vit:73:3: E_BOOTSTRAP_PROC_BODY: unsupported statement in bootstrap proc
/Users/vincent/Documents/Github/vitte/src/vitte/compiler/frontend/lexer/scanner.vit:74:1: E_BOOTSTRAP_PROC_BODY: expected exactly one supported give
/Users/vincent/Documents/Github/vitte/src/vitte/compiler/frontend/lexer/scanner.vit:77:3: E_BOOTSTRAP_PROC_BODY: unsupported statement in bootstrap proc
/Users/vincent/Documents/Github/vitte/src/vitte/compiler/frontend/lexer/scanner.vit:78:1: E_BOOTSTRAP_PROC_BODY: expected exactly one supported give
/Users/vincent/Documents/Github/vitte/src/vitte/compiler/frontend/lexer/scanner.vit:81:3: E_BOOTSTRAP_PROC_BODY: unsupported statement in bootstrap proc
/Users/vincent/Documents/Github/vitte/src/vitte/compiler/frontend/lexer/scanner.vit:82:1: E_BOOTSTRAP_PROC_BODY: expected exactly one supported give
/Users/vincent/Documents/Github/vitte/src/vitte/compiler/frontend/lexer/scanner.vit:84:1: E_BOOTSTRAP_TOP_LEVEL: unsupported top-level item
/Users/vincent/Documents/Github/vitte/src/vitte/compiler/frontend/lexer/scanner.vit:85:3: E_BOOTSTRAP_TOP_LEVEL: unsupported top-level item
/Users/vincent/Documents/Github/vitte/src/vitte/compiler/frontend/lexer/scanner.vit:86:3: E_BOOTSTRAP_TOP_LEVEL: unsupported top-level item
/Users/vincent/Documents/Github/vitte/src/vitte/compiler/frontend/lexer/scanner.vit:87:3: E_BOOTSTRAP_TOP_LEVEL: unsupported top-level item
/Users/vincent/Documents/Github/vitte/src/vitte/compiler/frontend/lexer/scanner.vit:88:3: E_BOOTSTRAP_TOP_LEVEL: unsupported top-level item
/Users/vincent/Documents/Github/vitte/src/vitte/compiler/frontend/lexer/scanner.vit:89:3: E_BOOTSTRAP_TOP_LEVEL: unsupported top-level item
/Users/vincent/Documents/Github/vitte/src/vitte/compiler/frontend/lexer/scanner.vit:90:3: E_BOOTSTRAP_TOP_LEVEL: unsupported top-level item
/Users/vincent/Documents/Github/vitte/src/vitte/compiler/frontend/lexer/scanner.vit:91:3: E_BOOTSTRAP_TOP_LEVEL: unsupported top-level item
/Users/vincent/Documents/Github/vitte/src/vitte/compiler/frontend/lexer/scanner.vit:92:3: E_BOOTSTRAP_TOP_LEVEL: unsupported top-level item
/Users/vincent/Documents/Github/vitte/src/vitte/compiler/frontend/lexer/scanner.vit:93:1: E_BOOTSTRAP_TOP_LEVEL: unsupported top-level item
/Users/vincent/Documents/Github/vitte/src/vitte/compiler/frontend/lexer/scanner.vit:95:1: E_BOOTSTRAP_TOP_LEVEL: unsupported top-level item
/Users/vincent/Documents/Github/vitte/src/vitte/compiler/frontend/lexer/scanner.vit:96:3: E_BOOTSTRAP_TOP_LEVEL: unsupported top-level item
/Users/vincent/Documents/Github/vitte/src/vitte/compiler/frontend/lexer/scanner.vit:97:3: E_BOOTSTRAP_TOP_LEVEL: unsupported top-level item
/Users/vincent/Documents/Github/vitte/src/vitte/compiler/frontend/lexer/scanner.vit:98:3: E_BOOTSTRAP_TOP_LEVEL: unsupported top-level item
/Users/vincent/Documents/Github/vitte/src/vitte/compiler/frontend/lexer/scanner.vit:99:3: E_BOOTSTRAP_TOP_LEVEL: unsupported top-level item
/Users/vincent/Documents/Github/vitte/src/vitte/compiler/frontend/lexer/scanner.vit:100:1: E_BOOTSTRAP_TOP_LEVEL: unsupported top-level item
/Users/vincent/Documents/Github/vitte/src/vitte/compiler/frontend/lexer/scanner.vit:102:1: E_BOOTSTRAP_PROC_SIGNATURE: bootstrap string proc must have no parameters: proc name() -> string {
/Users/vincent/Documents/Github/vitte/src/vitte/compiler/frontend/lexer/scanner.vit:103:3: E_BOOTSTRAP_TOP_LEVEL: unsupported top-level item
/Users/vincent/Documents/Github/vitte/src/vitte/compiler/frontend/lexer/scanner.vit:104:5: E_BOOTSTRAP_TOP_LEVEL: unsupported top-level item
/Users/vincent/Documents/Github/vitte/src/vitte/compiler/frontend/lexer/scanner.vit:105:5: E_BOOTSTRAP_TOP_LEVEL: unsupported top-level item
/Users/vincent/Documents/Github/vitte/src/vitte/compiler/frontend/lexer/scanner.vit:106:5: E_BOOTSTRAP_TOP_LEVEL: unsupported top-level item
/Users/vincent/Documents/Github/vitte/src/vitte/compiler/frontend/lexer/scanner.vit:107:5: E_BOOTSTRAP_TOP_LEVEL: unsupported top-level item
/Users/vincent/Documents/Github/vitte/src/vitte/compiler/frontend/lexer/scanner.vit:108:5: E_BOOTSTRAP_TOP_LEVEL: unsupported top-level item
/Users/vincent/Documents/Github/vitte/src/vitte/compiler/frontend/lexer/scanner.vit:109:5: E_BOOTSTRAP_TOP_LEVEL: unsupported top-level item
/Users/vincent/Documents/Github/vitte/src/vitte/compiler/frontend/lexer/scanner.vit:110:5: E_BOOTSTRAP_TOP_LEVEL: unsupported top-level item
/Users/vincent/Documents/Github/vitte/src/vitte/compiler/frontend/lexer/scanner.vit:111:5: E_BOOTSTRAP_TOP_LEVEL: unsupported top-level item
/Users/vincent/Documents/Github/vitte/src/vitte/compiler/frontend/lexer/scanner.vit:112:3: E_BOOTSTRAP_TOP_LEVEL: unsupported top-level item
/Users/vincent/Documents/Github/vitte/src/vitte/compiler/frontend/lexer/scanner.vit:113:1: E_BOOTSTRAP_TOP_LEVEL: unsupported top-level item
/Users/vincent/Documents/Github/vitte/src/vitte/compiler/frontend/lexer/scanner.vit:115:1: E_BOOTSTRAP_PROC_SIGNATURE: bootstrap string proc must have no parameters: proc name() -> string {
/Users/vincent/Documents/Github/vitte/src/vitte/compiler/frontend/lexer/scanner.vit:116:3: E_BOOTSTRAP_TOP_LEVEL: unsupported top-level item
/Users/vincent/Documents/Github/vitte/src/vitte/compiler/frontend/lexer/scanner.vit:117:5: E_BOOTSTRAP_TOP_LEVEL: unsupported top-level item
/Users/vincent/Documents/Github/vitte/src/vitte/compiler/frontend/lexer/scanner.vit:118:5: E_BOOTSTRAP_TOP_LEVEL: unsupported top-level item
/Users/vincent/Documents/Github/vitte/src/vitte/compiler/frontend/lexer/scanner.vit:119:5: E_BOOTSTRAP_TOP_LEVEL: unsupported top-level item
/Users/vincent/Documents/Github/vitte/src/vitte/compiler/frontend/lexer/scanner.vit:120:5: E_BOOTSTRAP_TOP_LEVEL: unsupported top-level item
/Users/vincent/Documents/Github/vitte/src/vitte/compiler/frontend/lexer/scanner.vit:121:3: E_BOOTSTRAP_TOP_LEVEL: unsupported top-level item
/Users/vincent/Documents/Github/vitte/src/vitte/compiler/frontend/lexer/scanner.vit:122:1: E_BOOTSTRAP_TOP_LEVEL: unsupported top-level item
/Users/vincent/Documents/Github/vitte/src/vitte/compiler/frontend/lexer/scanner.vit:124:1: E_BOOTSTRAP_PROC_SIGNATURE: bootstrap string proc must have no parameters: proc name() -> string {
/Users/vincent/Documents/Github/vitte/src/vitte/compiler/frontend/lexer/scanner.vit:125:3: E_BOOTSTRAP_TOP_LEVEL: unsupported top-level item
/Users/vincent/Documents/Github/vitte/src/vitte/compiler/frontend/lexer/scanner.vit:126:5: E_BOOTSTRAP_TOP_LEVEL: unsupported top-level item
/Users/vincent/Documents/Github/vitte/src/vitte/compiler/frontend/lexer/scanner.vit:127:5: E_BOOTSTRAP_TOP_LEVEL: unsupported top-level item
/Users/vincent/Documents/Github/vitte/src/vitte/compiler/frontend/lexer/scanner.vit:128:5: E_BOOTSTRAP_TOP_LEVEL: unsupported top-level item
/Users/vincent/Documents/Github/vitte/src/vitte/compiler/frontend/lexer/scanner.vit:129:5: E_BOOTSTRAP_TOP_LEVEL: unsupported top-level item
/Users/vincent/Documents/Github/vitte/src/vitte/compiler/frontend/lexer/scanner.vit:130:5: E_BOOTSTRAP_TOP_LEVEL: unsupported top-level item
/Users/vincent/Documents/Github/vitte/src/vitte/compiler/frontend/lexer/scanner.vit:131:3: E_BOOTSTRAP_TOP_LEVEL: unsupported top-level item
/Users/vincent/Documents/Github/vitte/src/vitte/compiler/frontend/lexer/scanner.vit:132:1: E_BOOTSTRAP_TOP_LEVEL: unsupported top-level item
/Users/vincent/Documents/Github/vitte/src/vitte/compiler/frontend/lexer/scanner.vit:134:1: E_BOOTSTRAP_PROC_SIGNATURE: bootstrap string proc must have no parameters: proc name() -> string {
/Users/vincent/Documents/Github/vitte/src/vitte/compiler/frontend/lexer/scanner.vit:135:3: E_BOOTSTRAP_TOP_LEVEL: unsupported top-level item
/Users/vincent/Documents/Github/vitte/src/vitte/compiler/frontend/lexer/scanner.vit:136:5: E_BOOTSTRAP_TOP_LEVEL: unsupported top-level item
/Users/vincent/Documents/Github/vitte/src/vitte/compiler/frontend/lexer/scanner.vit:137:3: E_BOOTSTRAP_TOP_LEVEL: unsupported top-level item
/Users/vincent/Documents/Github/vitte/src/vitte/compiler/frontend/lexer/scanner.vit:139:3: E_BOOTSTRAP_TOP_LEVEL: unsupported top-level item
/Users/vincent/Documents/Github/vitte/src/vitte/compiler/frontend/lexer/scanner.vit:140:1: E_BOOTSTRAP_TOP_LEVEL: unsupported top-level item
/Users/vincent/Documents/Github/vitte/src/vitte/compiler/frontend/lexer/scanner.vit:142:1: E_BOOTSTRAP_PROC_SIGNATURE: bootstrap string proc must have no parameters: proc name() -> string {
/Users/vincent/Documents/Github/vitte/src/vitte/compiler/frontend/lexer/scanner.vit:143:3: E_BOOTSTRAP_TOP_LEVEL: unsupported top-level item
/Users/vincent/Documents/Github/vitte/src/vitte/compiler/frontend/lexer/scanner.vit:144:3: E_BOOTSTRAP_TOP_LEVEL: unsupported top-level item
/Users/vincent/Documents/Github/vitte/src/vitte/compiler/frontend/lexer/scanner.vit:145:3: E_BOOTSTRAP_TOP_LEVEL: unsupported top-level item
/Users/vincent/Documents/Github/vitte/src/vitte/compiler/frontend/lexer/scanner.vit:146:3: E_BOOTSTRAP_TOP_LEVEL: unsupported top-level item
/Users/vincent/Documents/Github/vitte/src/vitte/compiler/frontend/lexer/scanner.vit:147:3: E_BOOTSTRAP_TOP_LEVEL: unsupported top-level item
/Users/vincent/Documents/Github/vitte/src/vitte/compiler/frontend/lexer/scanner.vit:148:3: E_BOOTSTRAP_TOP_LEVEL: unsupported top-level item
/Users/vincent/Documents/Github/vitte/src/vitte/compiler/frontend/lexer/scanner.vit:149:5: E_BOOTSTRAP_TOP_LEVEL: unsupported top-level item
/Users/vincent/Documents/Github/vitte/src/vitte/compiler/frontend/lexer/scanner.vit:150:3: E_BOOTSTRAP_TOP_LEVEL: unsupported top-level item
/Users/vincent/Documents/Github/vitte/src/vitte/compiler/frontend/lexer/scanner.vit:151:3: E_BOOTSTRAP_TOP_LEVEL: unsupported top-level item
/Users/vincent/Documents/Github/vitte/src/vitte/compiler/frontend/lexer/scanner.vit:152:3: E_BOOTSTRAP_TOP_LEVEL: unsupported top-level item
/Users/vincent/Documents/Github/vitte/src/vitte/compiler/frontend/lexer/scanner.vit:153:3: E_BOOTSTRAP_TOP_LEVEL: unsupported top-level item
/Users/vincent/Documents/Github/vitte/src/vitte/compiler/frontend/lexer/scanner.vit:154:5: E_BOOTSTRAP_TOP_LEVEL: unsupported top-level item
/Users/vincent/Documents/Github/vitte/src/vitte/compiler/frontend/lexer/scanner.vit:155:3: E_BOOTSTRAP_TOP_LEVEL: unsupported top-level item
/Users/vincent/Documents/Github/vitte/src/vitte/compiler/frontend/lexer/scanner.vit:157:3: E_BOOTSTRAP_TOP_LEVEL: unsupported top-level item
/Users/vincent/Documents/Github/vitte/src/vitte/compiler/frontend/lexer/scanner.vit:158:5: E_BOOTSTRAP_TOP_LEVEL: unsupported top-level item
/Users/vincent/Documents/Github/vitte/src/vitte/compiler/frontend/lexer/scanner.vit:159:5: E_BOOTSTRAP_TOP_LEVEL: unsupported top-level item
/Users/vincent/Documents/Github/vitte/src/vitte/compiler/frontend/lexer/scanner.vit:160:5: E_BOOTSTRAP_TOP_LEVEL: unsupported top-level item
/Users/vincent/Documents/Github/vitte/src/vitte/compiler/frontend/lexer/scanner.vit:161:5: E_BOOTSTRAP_TOP_LEVEL: unsupported top-level item
/Users/vincent/Documents/Github/vitte/src/vitte/compiler/frontend/lexer/scanner.vit:162:5: E_BOOTSTRAP_TOP_LEVEL: unsupported top-level item
/Users/vincent/Documents/Github/vitte/src/vitte/compiler/frontend/lexer/scanner.vit:163:3: E_BOOTSTRAP_TOP_LEVEL: unsupported top-level item
/Users/vincent/Documents/Github/vitte/src/vitte/compiler/frontend/lexer/scanner.vit:164:1: E_BOOTSTRAP_TOP_LEVEL: unsupported top-level item
/Users/vincent/Documents/Github/vitte/src/vitte/compiler/frontend/lexer/scanner.vit:166:1: E_BOOTSTRAP_PROC_SIGNATURE: bootstrap string proc must have no parameters: proc name() -> string {
/Users/vincent/Documents/Github/vitte/src/vitte/compiler/frontend/lexer/scanner.vit:167:3: E_BOOTSTRAP_TOP_LEVEL: unsupported top-level item
/Users/vincent/Documents/Github/vitte/src/vitte/compiler/frontend/lexer/scanner.vit:168:3: E_BOOTSTRAP_TOP_LEVEL: unsupported top-level item
/Users/vincent/Documents/Github/vitte/src/vitte/compiler/frontend/lexer/scanner.vit:169:5: E_BOOTSTRAP_TOP_LEVEL: unsupported top-level item
/Users/vincent/Documents/Github/vitte/src/vitte/compiler/frontend/lexer/scanner.vit:170:3: E_BOOTSTRAP_TOP_LEVEL: unsupported top-level item
/Users/vincent/Documents/Github/vitte/src/vitte/compiler/frontend/lexer/scanner.vit:172:3: E_BOOTSTRAP_TOP_LEVEL: unsupported top-level item
/Users/vincent/Documents/Github/vitte/src/vitte/compiler/frontend/lexer/scanner.vit:173:1: E_BOOTSTRAP_TOP_LEVEL: unsupported top-level item
/Users/vincent/Documents/Github/vitte/src/vitte/compiler/frontend/lexer/scanner.vit:175:1: E_BOOTSTRAP_PROC_SIGNATURE: bootstrap string proc must have no parameters: proc name() -> string {
/Users/vincent/Documents/Github/vitte/src/vitte/compiler/frontend/lexer/scanner.vit:176:3: E_BOOTSTRAP_TOP_LEVEL: unsupported top-level item
/Users/vincent/Documents/Github/vitte/src/vitte/compiler/frontend/lexer/scanner.vit:178:3: E_BOOTSTRAP_TOP_LEVEL: unsupported top-level item
/Users/vincent/Documents/Github/vitte/src/vitte/compiler/frontend/lexer/scanner.vit:179:3: E_BOOTSTRAP_TOP_LEVEL: unsupported top-level item
/Users/vincent/Documents/Github/vitte/src/vitte/compiler/frontend/lexer/scanner.vit:181:3: E_BOOTSTRAP_TOP_LEVEL: unsupported top-level item
/Users/vincent/Documents/Github/vitte/src/vitte/compiler/frontend/lexer/scanner.vit:182:5: E_BOOTSTRAP_TOP_LEVEL: unsupported top-level item
/Users/vincent/Documents/Github/vitte/src/vitte/compiler/frontend/lexer/scanner.vit:183:3: E_BOOTSTRAP_TOP_LEVEL: unsupported top-level item
/Users/vincent/Documents/Github/vitte/src/vitte/compiler/frontend/lexer/scanner.vit:185:3: E_BOOTSTRAP_TOP_LEVEL: unsupported top-level item
/Users/vincent/Documents/Github/vitte/src/vitte/compiler/frontend/lexer/scanner.vit:186:5: E_BOOTSTRAP_TOP_LEVEL: unsupported top-level item
/Users/vincent/Documents/Github/vitte/src/vitte/compiler/frontend/lexer/scanner.vit:188:5: E_BOOTSTRAP_TOP_LEVEL: unsupported top-level item
/Users/vincent/Documents/Github/vitte/src/vitte/compiler/frontend/lexer/scanner.vit:189:7: E_BOOTSTRAP_TOP_LEVEL: unsupported top-level item
/Users/vincent/Documents/Github/vitte/src/vitte/compiler/frontend/lexer/scanner.vit:190:7: E_BOOTSTRAP_TOP_LEVEL: unsupported top-level item
/Users/vincent/Documents/Github/vitte/src/vitte/compiler/frontend/lexer/scanner.vit:191:5: E_BOOTSTRAP_TOP_LEVEL: unsupported top-level item
/Users/vincent/Documents/Github/vitte/src/vitte/compiler/frontend/lexer/scanner.vit:192:3: E_BOOTSTRAP_TOP_LEVEL: unsupported top-level item
/Users/vincent/Documents/Github/vitte/src/vitte/compiler/frontend/lexer/scanner.vit:194:3: E_BOOTSTRAP_TOP_LEVEL: unsupported top-level item
/Users/vincent/Documents/Github/vitte/src/vitte/compiler/frontend/lexer/scanner.vit:195:5: E_BOOTSTRAP_TOP_LEVEL: unsupported top-level item
/Users/vincent/Documents/Github/vitte/src/vitte/compiler/frontend/lexer/scanner.vit:197:5: E_BOOTSTRAP_TOP_LEVEL: unsupported top-level item
/Users/vincent/Documents/Github/vitte/src/vitte/compiler/frontend/lexer/scanner.vit:198:7: E_BOOTSTRAP_TOP_LEVEL: unsupported top-level item
/Users/vincent/Documents/Github/vitte/src/vitte/compiler/frontend/lexer/scanner.vit:199:7: E_BOOTSTRAP_TOP_LEVEL: unsupported top-level item
/Users/vincent/Documents/Github/vitte/src/vitte/compiler/frontend/lexer/scanner.vit:200:5: E_BOOTSTRAP_TOP_LEVEL: unsupported top-level item
/Users/vincent/Documents/Github/vitte/src/vitte/compiler/frontend/lexer/scanner.vit:201:5: E_BOOTSTRAP_TOP_LEVEL: unsupported top-level item
/Users/vincent/Documents/Github/vitte/src/vitte/compiler/frontend/lexer/scanner.vit:202:5: E_BOOTSTRAP_TOP_LEVEL: unsupported top-level item
/Users/vincent/Documents/Github/vitte/src/vitte/compiler/frontend/lexer/scanner.vit:203:5: E_BOOTSTRAP_TOP_LEVEL: unsupported top-level item
/Users/vincent/Documents/Github/vitte/src/vitte/compiler/frontend/lexer/scanner.vit:204:5: E_BOOTSTRAP_TOP_LEVEL: unsupported top-level item
/Users/vincent/Documents/Github/vitte/src/vitte/compiler/frontend/lexer/scanner.vit:205:7: E_BOOTSTRAP_TOP_LEVEL: unsupported top-level item
/Users/vincent/Documents/Github/vitte/src/vitte/compiler/frontend/lexer/scanner.vit:206:7: E_BOOTSTRAP_TOP_LEVEL: unsupported top-level item
/Users/vincent/Documents/Github/vitte/src/vitte/compiler/frontend/lexer/scanner.vit:207:5: E_BOOTSTRAP_TOP_LEVEL: unsupported top-level item
/Users/vincent/Documents/Github/vitte/src/vitte/compiler/frontend/lexer/scanner.vit:208:5: E_BOOTSTRAP_TOP_LEVEL: unsupported top-level item
/Users/vincent/Documents/Github/vitte/src/vitte/compiler/frontend/lexer/scanner.vit:209:7: E_BOOTSTRAP_TOP_LEVEL: unsupported top-level item
/Users/vincent/Documents/Github/vitte/src/vitte/compiler/frontend/lexer/scanner.vit:210:7: E_BOOTSTRAP_TOP_LEVEL: unsupported top-level item
/Users/vincent/Documents/Github/vitte/src/vitte/compiler/frontend/lexer/scanner.vit:211:7: E_BOOTSTRAP_TOP_LEVEL: unsupported top-level item
/Users/vincent/Documents/Github/vitte/src/vitte/compiler/frontend/lexer/scanner.vit:212:5: E_BOOTSTRAP_TOP_LEVEL: unsupported top-level item
/Users/vincent/Documents/Github/vitte/src/vitte/compiler/frontend/lexer/scanner.vit:214:5: E_BOOTSTRAP_TOP_LEVEL: unsupported top-level item
/Users/vincent/Documents/Github/vitte/src/vitte/compiler/frontend/lexer/scanner.vit:215:3: E_BOOTSTRAP_TOP_LEVEL: unsupported top-level item
/Users/vincent/Documents/Github/vitte/src/vitte/compiler/frontend/lexer/scanner.vit:217:3: E_BOOTSTRAP_TOP_LEVEL: unsupported top-level item
/Users/vincent/Documents/Github/vitte/src/vitte/compiler/frontend/lexer/scanner.vit:218:1: E_BOOTSTRAP_TOP_LEVEL: unsupported top-level item
/Users/vincent/Documents/Github/vitte/src/vitte/compiler/frontend/lexer/scanner.vit:220:1: E_BOOTSTRAP_PROC_SIGNATURE: bootstrap string proc must have no parameters: proc name() -> string {
/Users/vincent/Documents/Github/vitte/src/vitte/compiler/frontend/lexer/scanner.vit:221:3: E_BOOTSTRAP_TOP_LEVEL: unsupported top-level item
/Users/vincent/Documents/Github/vitte/src/vitte/compiler/frontend/lexer/scanner.vit:222:3: E_BOOTSTRAP_TOP_LEVEL: unsupported top-level item
/Users/vincent/Documents/Github/vitte/src/vitte/compiler/frontend/lexer/scanner.vit:223:5: E_BOOTSTRAP_TOP_LEVEL: unsupported top-level item
/Users/vincent/Documents/Github/vitte/src/vitte/compiler/frontend/lexer/scanner.vit:224:3: E_BOOTSTRAP_TOP_LEVEL: unsupported top-level item
/Users/vincent/Documents/Github/vitte/src/vitte/compiler/frontend/lexer/scanner.vit:226:3: E_BOOTSTRAP_TOP_LEVEL: unsupported top-level item
/Users/vincent/Documents/Github/vitte/src/vitte/compiler/frontend/lexer/scanner.vit:227:1: E_BOOTSTRAP_TOP_LEVEL: unsupported top-level item
/Users/vincent/Documents/Github/vitte/src/vitte/compiler/frontend/lexer/scanner.vit:229:1: E_BOOTSTRAP_PROC_SIGNATURE: bootstrap string proc must have no parameters: proc name() -> string {
/Users/vincent/Documents/Github/vitte/src/vitte/compiler/frontend/lexer/scanner.vit:230:3: E_BOOTSTRAP_TOP_LEVEL: unsupported top-level item
/Users/vincent/Documents/Github/vitte/src/vitte/compiler/frontend/lexer/scanner.vit:231:3: E_BOOTSTRAP_TOP_LEVEL: unsupported top-level item
/Users/vincent/Documents/Github/vitte/src/vitte/compiler/frontend/lexer/scanner.vit:232:3: E_BOOTSTRAP_TOP_LEVEL: unsupported top-level item
/Users/vincent/Documents/Github/vitte/src/vitte/compiler/frontend/lexer/scanner.vit:233:3: E_BOOTSTRAP_TOP_LEVEL: unsupported top-level item
/Users/vincent/Documents/Github/vitte/src/vitte/compiler/frontend/lexer/scanner.vit:234:3: E_BOOTSTRAP_TOP_LEVEL: unsupported top-level item
/Users/vincent/Documents/Github/vitte/src/vitte/compiler/frontend/lexer/scanner.vit:235:3: E_BOOTSTRAP_TOP_LEVEL: unsupported top-level item
/Users/vincent/Documents/Github/vitte/src/vitte/compiler/frontend/lexer/scanner.vit:236:3: E_BOOTSTRAP_TOP_LEVEL: unsupported top-level item
/Users/vincent/Documents/Github/vitte/src/vitte/compiler/frontend/lexer/scanner.vit:237:3: E_BOOTSTRAP_TOP_LEVEL: unsupported top-level item
/Users/vincent/Documents/Github/vitte/src/vitte/compiler/frontend/lexer/scanner.vit:238:5: E_BOOTSTRAP_TOP_LEVEL: unsupported top-level item
/Users/vincent/Documents/Github/vitte/src/vitte/compiler/frontend/lexer/scanner.vit:239:3: E_BOOTSTRAP_TOP_LEVEL: unsupported top-level item
/Users/vincent/Documents/Github/vitte/src/vitte/compiler/frontend/lexer/scanner.vit:241:3: E_BOOTSTRAP_TOP_LEVEL: unsupported top-level item
/Users/vincent/Documents/Github/vitte/src/vitte/compiler/frontend/lexer/scanner.vit:242:5: E_BOOTSTRAP_TOP_LEVEL: unsupported top-level item
/Users/vincent/Documents/Github/vitte/src/vitte/compiler/frontend/lexer/scanner.vit:243:7: E_BOOTSTRAP_TOP_LEVEL: unsupported top-level item
/Users/vincent/Documents/Github/vitte/src/vitte/compiler/frontend/lexer/scanner.vit:244:7: E_BOOTSTRAP_TOP_LEVEL: unsupported top-level item
/Users/vincent/Documents/Github/vitte/src/vitte/compiler/frontend/lexer/scanner.vit:245:7: E_BOOTSTRAP_TOP_LEVEL: unsupported top-level item
/Users/vincent/Documents/Github/vitte/src/vitte/compiler/frontend/lexer/scanner.vit:246:7: E_BOOTSTRAP_TOP_LEVEL: unsupported top-level item
/Users/vincent/Documents/Github/vitte/src/vitte/compiler/frontend/lexer/scanner.vit:247:7: E_BOOTSTRAP_TOP_LEVEL: unsupported top-level item
/Users/vincent/Documents/Github/vitte/src/vitte/compiler/frontend/lexer/scanner.vit:248:5: E_BOOTSTRAP_TOP_LEVEL: unsupported top-level item
/Users/vincent/Documents/Github/vitte/src/vitte/compiler/frontend/lexer/scanner.vit:249:3: E_BOOTSTRAP_TOP_LEVEL: unsupported top-level item
/Users/vincent/Documents/Github/vitte/src/vitte/compiler/frontend/lexer/scanner.vit:251:3: E_BOOTSTRAP_TOP_LEVEL: unsupported top-level item
/Users/vincent/Documents/Github/vitte/src/vitte/compiler/frontend/lexer/scanner.vit:252:5: E_BOOTSTRAP_TOP_LEVEL: unsupported top-level item
/Users/vincent/Documents/Github/vitte/src/vitte/compiler/frontend/lexer/scanner.vit:253:5: E_BOOTSTRAP_TOP_LEVEL: unsupported top-level item
/Users/vincent/Documents/Github/vitte/src/vitte/compiler/frontend/lexer/scanner.vit:254:5: E_BOOTSTRAP_TOP_LEVEL: unsupported top-level item
/Users/vincent/Documents/Github/vitte/src/vitte/compiler/frontend/lexer/scanner.vit:255:5: E_BOOTSTRAP_TOP_LEVEL: unsupported top-level item
/Users/vincent/Documents/Github/vitte/src/vitte/compiler/frontend/lexer/scanner.vit:256:5: E_BOOTSTRAP_TOP_LEVEL: unsupported top-level item
/Users/vincent/Documents/Github/vitte/src/vitte/compiler/frontend/lexer/scanner.vit:257:3: E_BOOTSTRAP_TOP_LEVEL: unsupported top-level item
/Users/vincent/Documents/Github/vitte/src/vitte/compiler/frontend/lexer/scanner.vit:258:1: E_BOOTSTRAP_TOP_LEVEL: unsupported top-level item
/Users/vincent/Documents/Github/vitte/src/vitte/compiler/frontend/lexer/scanner.vit:260:1: E_BOOTSTRAP_PROC_SIGNATURE: bootstrap string proc must have no parameters: proc name() -> string {
/Users/vincent/Documents/Github/vitte/src/vitte/compiler/frontend/lexer/scanner.vit:261:3: E_BOOTSTRAP_TOP_LEVEL: unsupported top-level item
/Users/vincent/Documents/Github/vitte/src/vitte/compiler/frontend/lexer/scanner.vit:262:3: E_BOOTSTRAP_TOP_LEVEL: unsupported top-level item
/Users/vincent/Documents/Github/vitte/src/vitte/compiler/frontend/lexer/scanner.vit:263:3: E_BOOTSTRAP_TOP_LEVEL: unsupported top-level item
/Users/vincent/Documents/Github/vitte/src/vitte/compiler/frontend/lexer/scanner.vit:264:3: E_BOOTSTRAP_TOP_LEVEL: unsupported top-level item
/Users/vincent/Documents/Github/vitte/src/vitte/compiler/frontend/lexer/scanner.vit:265:3: E_BOOTSTRAP_TOP_LEVEL: unsupported top-level item
/Users/vincent/Documents/Github/vitte/src/vitte/compiler/frontend/lexer/scanner.vit:267:3: E_BOOTSTRAP_TOP_LEVEL: unsupported top-level item
/Users/vincent/Documents/Github/vitte/src/vitte/compiler/frontend/lexer/scanner.vit:269:3: E_BOOTSTRAP_TOP_LEVEL: unsupported top-level item
/Users/vincent/Documents/Github/vitte/src/vitte/compiler/frontend/lexer/scanner.vit:270:5: E_BOOTSTRAP_TOP_LEVEL: unsupported top-level item
/Users/vincent/Documents/Github/vitte/src/vitte/compiler/frontend/lexer/scanner.vit:272:5: E_BOOTSTRAP_TOP_LEVEL: unsupported top-level item
/Users/vincent/Documents/Github/vitte/src/vitte/compiler/frontend/lexer/scanner.vit:273:7: E_BOOTSTRAP_TOP_LEVEL: unsupported top-level item
/Users/vincent/Documents/Github/vitte/src/vitte/compiler/frontend/lexer/scanner.vit:274:7: E_BOOTSTRAP_TOP_LEVEL: unsupported top-level item
/Users/vincent/Documents/Github/vitte/src/vitte/compiler/frontend/lexer/scanner.vit:275:5: E_BOOTSTRAP_TOP_LEVEL: unsupported top-level item
/Users/vincent/Documents/Github/vitte/src/vitte/compiler/frontend/lexer/scanner.vit:277:5: E_BOOTSTRAP_TOP_LEVEL: unsupported top-level item
/Users/vincent/Documents/Github/vitte/src/vitte/compiler/frontend/lexer/scanner.vit:278:7: E_BOOTSTRAP_TOP_LEVEL: unsupported top-level item
/Users/vincent/Documents/Github/vitte/src/vitte/compiler/frontend/lexer/scanner.vit:279:7: E_BOOTSTRAP_TOP_LEVEL: unsupported top-level item
/Users/vincent/Documents/Github/vitte/src/vitte/compiler/frontend/lexer/scanner.vit:280:7: E_BOOTSTRAP_TOP_LEVEL: unsupported top-level item
/Users/vincent/Documents/Github/vitte/src/vitte/compiler/frontend/lexer/scanner.vit:281:5: E_BOOTSTRAP_TOP_LEVEL: unsupported top-level item
/Users/vincent/Documents/Github/vitte/src/vitte/compiler/frontend/lexer/scanner.vit:283:5: E_BOOTSTRAP_TOP_LEVEL: unsupported top-level item
/Users/vincent/Documents/Github/vitte/src/vitte/compiler/frontend/lexer/scanner.vit:284:7: E_BOOTSTRAP_TOP_LEVEL: unsupported top-level item
/Users/vincent/Documents/Github/vitte/src/vitte/compiler/frontend/lexer/scanner.vit:285:5: E_BOOTSTRAP_TOP_LEVEL: unsupported top-level item
/Users/vincent/Documents/Github/vitte/src/vitte/compiler/frontend/lexer/scanner.vit:287:5: E_BOOTSTRAP_TOP_LEVEL: unsupported top-level item
/Users/vincent/Documents/Github/vitte/src/vitte/compiler/frontend/lexer/scanner.vit:288:3: E_BOOTSTRAP_TOP_LEVEL: unsupported top-level item
/Users/vincent/Documents/Github/vitte/src/vitte/compiler/frontend/lexer/scanner.vit:290:3: E_BOOTSTRAP_TOP_LEVEL: unsupported top-level item
/Users/vincent/Documents/Github/vitte/src/vitte/compiler/frontend/lexer/scanner.vit:292:3: E_BOOTSTRAP_TOP_LEVEL: unsupported top-level item
/Users/vincent/Documents/Github/vitte/src/vitte/compiler/frontend/lexer/scanner.vit:293:5: E_BOOTSTRAP_TOP_LEVEL: unsupported top-level item
/Users/vincent/Documents/Github/vitte/src/vitte/compiler/frontend/lexer/scanner.vit:294:5: E_BOOTSTRAP_TOP_LEVEL: unsupported top-level item
/Users/vincent/Documents/Github/vitte/src/vitte/compiler/frontend/lexer/scanner.vit:295:5: E_BOOTSTRAP_TOP_LEVEL: unsupported top-level item
/Users/vincent/Documents/Github/vitte/src/vitte/compiler/frontend/lexer/scanner.vit:296:7: E_BOOTSTRAP_TOP_LEVEL: unsupported top-level item
/Users/vincent/Documents/Github/vitte/src/vitte/compiler/frontend/lexer/scanner.vit:297:7: E_BOOTSTRAP_TOP_LEVEL: unsupported top-level item
/Users/vincent/Documents/Github/vitte/src/vitte/compiler/frontend/lexer/scanner.vit:298:5: E_BOOTSTRAP_TOP_LEVEL: unsupported top-level item
/Users/vincent/Documents/Github/vitte/src/vitte/compiler/frontend/lexer/scanner.vit:299:5: E_BOOTSTRAP_TOP_LEVEL: unsupported top-level item
/Users/vincent/Documents/Github/vitte/src/vitte/compiler/frontend/lexer/scanner.vit:300:5: E_BOOTSTRAP_TOP_LEVEL: unsupported top-level item
/Users/vincent/Documents/Github/vitte/src/vitte/compiler/frontend/lexer/scanner.vit:301:3: E_BOOTSTRAP_TOP_LEVEL: unsupported top-level item
/Users/vincent/Documents/Github/vitte/src/vitte/compiler/frontend/lexer/scanner.vit:302:3: E_BOOTSTRAP_TOP_LEVEL: unsupported top-level item
/Users/vincent/Documents/Github/vitte/src/vitte/compiler/frontend/lexer/scanner.vit:303:5: E_BOOTSTRAP_TOP_LEVEL: unsupported top-level item
/Users/vincent/Documents/Github/vitte/src/vitte/compiler/frontend/lexer/scanner.vit:304:5: E_BOOTSTRAP_TOP_LEVEL: unsupported top-level item
/Users/vincent/Documents/Github/vitte/src/vitte/compiler/frontend/lexer/scanner.vit:305:7: E_BOOTSTRAP_TOP_LEVEL: unsupported top-level item
/Users/vincent/Documents/Github/vitte/src/vitte/compiler/frontend/lexer/scanner.vit:306:5: E_BOOTSTRAP_TOP_LEVEL: unsupported top-level item
/Users/vincent/Documents/Github/vitte/src/vitte/compiler/frontend/lexer/scanner.vit:308:5: E_BOOTSTRAP_TOP_LEVEL: unsupported top-level item
/Users/vincent/Documents/Github/vitte/src/vitte/compiler/frontend/lexer/scanner.vit:309:7: E_BOOTSTRAP_TOP_LEVEL: unsupported top-level item
/Users/vincent/Documents/Github/vitte/src/vitte/compiler/frontend/lexer/scanner.vit:310:7: E_BOOTSTRAP_TOP_LEVEL: unsupported top-level item
/Users/vincent/Documents/Github/vitte/src/vitte/compiler/frontend/lexer/scanner.vit:311:5: E_BOOTSTRAP_TOP_LEVEL: unsupported top-level item
/Users/vincent/Documents/Github/vitte/src/vitte/compiler/frontend/lexer/scanner.vit:312:5: E_BOOTSTRAP_TOP_LEVEL: unsupported top-level item
/Users/vincent/Documents/Github/vitte/src/vitte/compiler/frontend/lexer/scanner.vit:313:7: E_BOOTSTRAP_TOP_LEVEL: unsupported top-level item
/Users/vincent/Documents/Github/vitte/src/vitte/compiler/frontend/lexer/scanner.vit:314:5: E_BOOTSTRAP_TOP_LEVEL: unsupported top-level item
/Users/vincent/Documents/Github/vitte/src/vitte/compiler/frontend/lexer/scanner.vit:315:3: E_BOOTSTRAP_TOP_LEVEL: unsupported top-level item
/Users/vincent/Documents/Github/vitte/src/vitte/compiler/frontend/lexer/scanner.vit:317:3: E_BOOTSTRAP_TOP_LEVEL: unsupported top-level item
/Users/vincent/Documents/Github/vitte/src/vitte/compiler/frontend/lexer/scanner.vit:318:1: E_BOOTSTRAP_TOP_LEVEL: unsupported top-level item
/Users/vincent/Documents/Github/vitte/src/vitte/compiler/frontend/lexer/scanner.vit:320:1: E_BOOTSTRAP_PROC_SIGNATURE: bootstrap string proc must have no parameters: proc name() -> string {
/Users/vincent/Documents/Github/vitte/src/vitte/compiler/frontend/lexer/scanner.vit:321:3: E_BOOTSTRAP_TOP_LEVEL: unsupported top-level item
/Users/vincent/Documents/Github/vitte/src/vitte/compiler/frontend/lexer/scanner.vit:322:5: E_BOOTSTRAP_TOP_LEVEL: unsupported top-level item
/Users/vincent/Documents/Github/vitte/src/vitte/compiler/frontend/lexer/scanner.vit:323:1: E_BOOTSTRAP_TOP_LEVEL: unsupported top-level item
/Users/vincent/Documents/Github/vitte/src/vitte/compiler/frontend/lexer/scanner.vit:325:1: E_BOOTSTRAP_PROC_SIGNATURE: bootstrap string proc must have no parameters: proc name() -> string {
/Users/vincent/Documents/Github/vitte/src/vitte/compiler/frontend/lexer/scanner.vit:326:3: E_BOOTSTRAP_TOP_LEVEL: unsupported top-level item
/Users/vincent/Documents/Github/vitte/src/vitte/compiler/frontend/lexer/scanner.vit:327:5: E_BOOTSTRAP_TOP_LEVEL: unsupported top-level item
/Users/vincent/Documents/Github/vitte/src/vitte/compiler/frontend/lexer/scanner.vit:328:3: E_BOOTSTRAP_TOP_LEVEL: unsupported top-level item
/Users/vincent/Documents/Github/vitte/src/vitte/compiler/frontend/lexer/scanner.vit:330:3: E_BOOTSTRAP_TOP_LEVEL: unsupported top-level item
/Users/vincent/Documents/Github/vitte/src/vitte/compiler/frontend/lexer/scanner.vit:331:1: E_BOOTSTRAP_TOP_LEVEL: unsupported top-level item
/Users/vincent/Documents/Github/vitte/src/vitte/compiler/frontend/lexer/scanner.vit:333:1: E_BOOTSTRAP_PROC_SIGNATURE: bootstrap string proc must have no parameters: proc name() -> string {
/Users/vincent/Documents/Github/vitte/src/vitte/compiler/frontend/lexer/scanner.vit:334:3: E_BOOTSTRAP_TOP_LEVEL: unsupported top-level item
/Users/vincent/Documents/Github/vitte/src/vitte/compiler/frontend/lexer/scanner.vit:335:3: E_BOOTSTRAP_TOP_LEVEL: unsupported top-level item
/Users/vincent/Documents/Github/vitte/src/vitte/compiler/frontend/lexer/scanner.vit:336:3: E_BOOTSTRAP_TOP_LEVEL: unsupported top-level item
/Users/vincent/Documents/Github/vitte/src/vitte/compiler/frontend/lexer/scanner.vit:337:3: E_BOOTSTRAP_TOP_LEVEL: unsupported top-level item
/Users/vincent/Documents/Github/vitte/src/vitte/compiler/frontend/lexer/scanner.vit:338:3: E_BOOTSTRAP_TOP_LEVEL: unsupported top-level item
/Users/vincent/Documents/Github/vitte/src/vitte/compiler/frontend/lexer/scanner.vit:339:1: E_BOOTSTRAP_TOP_LEVEL: unsupported top-level item
/Users/vincent/Documents/Github/vitte/src/vitte/compiler/frontend/lexer/scanner.vit:341:1: E_BOOTSTRAP_PROC_SIGNATURE: bootstrap string proc must have no parameters: proc name() -> string {
/Users/vincent/Documents/Github/vitte/src/vitte/compiler/frontend/lexer/scanner.vit:342:3: E_BOOTSTRAP_TOP_LEVEL: unsupported top-level item
/Users/vincent/Documents/Github/vitte/src/vitte/compiler/frontend/lexer/scanner.vit:343:5: E_BOOTSTRAP_TOP_LEVEL: unsupported top-level item
/Users/vincent/Documents/Github/vitte/src/vitte/compiler/frontend/lexer/scanner.vit:344:5: E_BOOTSTRAP_TOP_LEVEL: unsupported top-level item
/Users/vincent/Documents/Github/vitte/src/vitte/compiler/frontend/lexer/scanner.vit:345:5: E_BOOTSTRAP_TOP_LEVEL: unsupported top-level item
/Users/vincent/Documents/Github/vitte/src/vitte/compiler/frontend/lexer/scanner.vit:346:1: E_BOOTSTRAP_TOP_LEVEL: unsupported top-level item
/Users/vincent/Documents/Github/vitte/src/vitte/compiler/frontend/lexer/scanner.vit:348:1: E_BOOTSTRAP_PROC_SIGNATURE: bootstrap string proc must have no parameters: proc name() -> string {
/Users/vincent/Documents/Github/vitte/src/vitte/compiler/frontend/lexer/scanner.vit:349:3: E_BOOTSTRAP_TOP_LEVEL: unsupported top-level item
/Users/vincent/Documents/Github/vitte/src/vitte/compiler/frontend/lexer/scanner.vit:350:3: E_BOOTSTRAP_TOP_LEVEL: unsupported top-level item
/Users/vincent/Documents/Github/vitte/src/vitte/compiler/frontend/lexer/scanner.vit:351:3: E_BOOTSTRAP_TOP_LEVEL: unsupported top-level item
/Users/vincent/Documents/Github/vitte/src/vitte/compiler/frontend/lexer/scanner.vit:352:3: E_BOOTSTRAP_TOP_LEVEL: unsupported top-level item
/Users/vincent/Documents/Github/vitte/src/vitte/compiler/frontend/lexer/scanner.vit:354:3: E_BOOTSTRAP_TOP_LEVEL: unsupported top-level item
/Users/vincent/Documents/Github/vitte/src/vitte/compiler/frontend/lexer/scanner.vit:355:3: E_BOOTSTRAP_TOP_LEVEL: unsupported top-level item
/Users/vincent/Documents/Github/vitte/src/vitte/compiler/frontend/lexer/scanner.vit:356:3: E_BOOTSTRAP_TOP_LEVEL: unsupported top-level item
/Users/vincent/Documents/Github/vitte/src/vitte/compiler/frontend/lexer/scanner.vit:357:3: E_BOOTSTRAP_TOP_LEVEL: unsupported top-level item
/Users/vincent/Documents/Github/vitte/src/vitte/compiler/frontend/lexer/scanner.vit:358:3: E_BOOTSTRAP_TOP_LEVEL: unsupported top-level item
/Users/vincent/Documents/Github/vitte/src/vitte/compiler/frontend/lexer/scanner.vit:360:3: E_BOOTSTRAP_TOP_LEVEL: unsupported top-level item
/Users/vincent/Documents/Github/vitte/src/vitte/compiler/frontend/lexer/scanner.vit:361:5: E_BOOTSTRAP_TOP_LEVEL: unsupported top-level item
/Users/vincent/Documents/Github/vitte/src/vitte/compiler/frontend/lexer/scanner.vit:363:5: E_BOOTSTRAP_TOP_LEVEL: unsupported top-level item
/Users/vincent/Documents/Github/vitte/src/vitte/compiler/frontend/lexer/scanner.vit:364:7: E_BOOTSTRAP_TOP_LEVEL: unsupported top-level item
/Users/vincent/Documents/Github/vitte/src/vitte/compiler/frontend/lexer/scanner.vit:365:7: E_BOOTSTRAP_TOP_LEVEL: unsupported top-level item
/Users/vincent/Documents/Github/vitte/src/vitte/compiler/frontend/lexer/scanner.vit:366:5: E_BOOTSTRAP_TOP_LEVEL: unsupported top-level item
/Users/vincent/Documents/Github/vitte/src/vitte/compiler/frontend/lexer/scanner.vit:368:5: E_BOOTSTRAP_TOP_LEVEL: unsupported top-level item
/Users/vincent/Documents/Github/vitte/src/vitte/compiler/frontend/lexer/scanner.vit:369:7: E_BOOTSTRAP_TOP_LEVEL: unsupported top-level item
/Users/vincent/Documents/Github/vitte/src/vitte/compiler/frontend/lexer/scanner.vit:370:7: E_BOOTSTRAP_TOP_LEVEL: unsupported top-level item
/Users/vincent/Documents/Github/vitte/src/vitte/compiler/frontend/lexer/scanner.vit:371:7: E_BOOTSTRAP_TOP_LEVEL: unsupported top-level item
/Users/vincent/Documents/Github/vitte/src/vitte/compiler/frontend/lexer/scanner.vit:373:7: E_BOOTSTRAP_TOP_LEVEL: unsupported top-level item
/Users/vincent/Documents/Github/vitte/src/vitte/compiler/frontend/lexer/scanner.vit:374:9: E_BOOTSTRAP_TOP_LEVEL: unsupported top-level item
/Users/vincent/Documents/Github/vitte/src/vitte/compiler/frontend/lexer/scanner.vit:375:9: E_BOOTSTRAP_TOP_LEVEL: unsupported top-level item
/Users/vincent/Documents/Github/vitte/src/vitte/compiler/frontend/lexer/scanner.vit:376:7: E_BOOTSTRAP_TOP_LEVEL: unsupported top-level item
/Users/vincent/Documents/Github/vitte/src/vitte/compiler/frontend/lexer/scanner.vit:378:7: E_BOOTSTRAP_TOP_LEVEL: unsupported top-level item
/Users/vincent/Documents/Github/vitte/src/vitte/compiler/frontend/lexer/scanner.vit:379:7: E_BOOTSTRAP_TOP_LEVEL: unsupported top-level item
/Users/vincent/Documents/Github/vitte/src/vitte/compiler/frontend/lexer/scanner.vit:380:5: E_BOOTSTRAP_TOP_LEVEL: unsupported top-level item
/Users/vincent/Documents/Github/vitte/src/vitte/compiler/frontend/lexer/scanner.vit:382:5: E_BOOTSTRAP_TOP_LEVEL: unsupported top-level item
/Users/vincent/Documents/Github/vitte/src/vitte/compiler/frontend/lexer/scanner.vit:383:7: E_BOOTSTRAP_TOP_LEVEL: unsupported top-level item
/Users/vincent/Documents/Github/vitte/src/vitte/compiler/frontend/lexer/scanner.vit:384:7: E_BOOTSTRAP_TOP_LEVEL: unsupported top-level item
/Users/vincent/Documents/Github/vitte/src/vitte/compiler/frontend/lexer/scanner.vit:385:7: E_BOOTSTRAP_TOP_LEVEL: unsupported top-level item
/Users/vincent/Documents/Github/vitte/src/vitte/compiler/frontend/lexer/scanner.vit:387:7: E_BOOTSTRAP_TOP_LEVEL: unsupported top-level item
/Users/vincent/Documents/Github/vitte/src/vitte/compiler/frontend/lexer/scanner.vit:388:9: E_BOOTSTRAP_TOP_LEVEL: unsupported top-level item
/Users/vincent/Documents/Github/vitte/src/vitte/compiler/frontend/lexer/scanner.vit:389:7: E_BOOTSTRAP_TOP_LEVEL: unsupported top-level item
/Users/vincent/Documents/Github/vitte/src/vitte/compiler/frontend/lexer/scanner.vit:391:7: E_BOOTSTRAP_TOP_LEVEL: unsupported top-level item
/Users/vincent/Documents/Github/vitte/src/vitte/compiler/frontend/lexer/scanner.vit:392:9: E_BOOTSTRAP_TOP_LEVEL: unsupported top-level item
/Users/vincent/Documents/Github/vitte/src/vitte/compiler/frontend/lexer/scanner.vit:393:7: E_BOOTSTRAP_TOP_LEVEL: unsupported top-level item
/Users/vincent/Documents/Github/vitte/src/vitte/compiler/frontend/lexer/scanner.vit:394:7: E_BOOTSTRAP_TOP_LEVEL: unsupported top-level item
/Users/vincent/Documents/Github/vitte/src/vitte/compiler/frontend/lexer/scanner.vit:395:9: E_BOOTSTRAP_TOP_LEVEL: unsupported top-level item
/Users/vincent/Documents/Github/vitte/src/vitte/compiler/frontend/lexer/scanner.vit:396:7: E_BOOTSTRAP_TOP_LEVEL: unsupported top-level item
/Users/vincent/Documents/Github/vitte/src/vitte/compiler/frontend/lexer/scanner.vit:398:7: E_BOOTSTRAP_TOP_LEVEL: unsupported top-level item
/Users/vincent/Documents/Github/vitte/src/vitte/compiler/frontend/lexer/scanner.vit:399:7: E_BOOTSTRAP_TOP_LEVEL: unsupported top-level item
/Users/vincent/Documents/Github/vitte/src/vitte/compiler/frontend/lexer/scanner.vit:400:5: E_BOOTSTRAP_TOP_LEVEL: unsupported top-level item
/Users/vincent/Documents/Github/vitte/src/vitte/compiler/frontend/lexer/scanner.vit:402:5: E_BOOTSTRAP_TOP_LEVEL: unsupported top-level item
/Users/vincent/Documents/Github/vitte/src/vitte/compiler/frontend/lexer/scanner.vit:403:5: E_BOOTSTRAP_TOP_LEVEL: unsupported top-level item
/Users/vincent/Documents/Github/vitte/src/vitte/compiler/frontend/lexer/scanner.vit:404:7: E_BOOTSTRAP_TOP_LEVEL: unsupported top-level item
/Users/vincent/Documents/Github/vitte/src/vitte/compiler/frontend/lexer/scanner.vit:405:7: E_BOOTSTRAP_TOP_LEVEL: unsupported top-level item
/Users/vincent/Documents/Github/vitte/src/vitte/compiler/frontend/lexer/scanner.vit:406:7: E_BOOTSTRAP_TOP_LEVEL: unsupported top-level item
/Users/vincent/Documents/Github/vitte/src/vitte/compiler/frontend/lexer/scanner.vit:408:7: E_BOOTSTRAP_TOP_LEVEL: unsupported top-level item
/Users/vincent/Documents/Github/vitte/src/vitte/compiler/frontend/lexer/scanner.vit:409:9: E_BOOTSTRAP_TOP_LEVEL: unsupported top-level item
/Users/vincent/Documents/Github/vitte/src/vitte/compiler/frontend/lexer/scanner.vit:410:7: E_BOOTSTRAP_TOP_LEVEL: unsupported top-level item
/Users/vincent/Documents/Github/vitte/src/vitte/compiler/frontend/lexer/scanner.vit:412:7: E_BOOTSTRAP_TOP_LEVEL: unsupported top-level item
/Users/vincent/Documents/Github/vitte/src/vitte/compiler/frontend/lexer/scanner.vit:414:7: E_BOOTSTRAP_TOP_LEVEL: unsupported top-level item
/Users/vincent/Documents/Github/vitte/src/vitte/compiler/frontend/lexer/scanner.vit:415:9: E_BOOTSTRAP_TOP_LEVEL: unsupported top-level item
/Users/vincent/Documents/Github/vitte/src/vitte/compiler/frontend/lexer/scanner.vit:416:9: E_BOOTSTRAP_TOP_LEVEL: unsupported top-level item
/Users/vincent/Documents/Github/vitte/src/vitte/compiler/frontend/lexer/scanner.vit:417:9: E_BOOTSTRAP_TOP_LEVEL: unsupported top-level item
/Users/vincent/Documents/Github/vitte/src/vitte/compiler/frontend/lexer/scanner.vit:418:7: E_BOOTSTRAP_TOP_LEVEL: unsupported top-level item
/Users/vincent/Documents/Github/vitte/src/vitte/compiler/frontend/lexer/scanner.vit:420:7: E_BOOTSTRAP_TOP_LEVEL: unsupported top-level item
/Users/vincent/Documents/Github/vitte/src/vitte/compiler/frontend/lexer/scanner.vit:421:7: E_BOOTSTRAP_TOP_LEVEL: unsupported top-level item
/Users/vincent/Documents/Github/vitte/src/vitte/compiler/frontend/lexer/scanner.vit:422:5: E_BOOTSTRAP_TOP_LEVEL: unsupported top-level item
/Users/vincent/Documents/Github/vitte/src/vitte/compiler/frontend/lexer/scanner.vit:424:5: E_BOOTSTRAP_TOP_LEVEL: unsupported top-level item
/Users/vincent/Documents/Github/vitte/src/vitte/compiler/frontend/lexer/scanner.vit:425:7: E_BOOTSTRAP_TOP_LEVEL: unsupported top-level item
/Users/vincent/Documents/Github/vitte/src/vitte/compiler/frontend/lexer/scanner.vit:426:7: E_BOOTSTRAP_TOP_LEVEL: unsupported top-level item
/Users/vincent/Documents/Github/vitte/src/vitte/compiler/frontend/lexer/scanner.vit:427:9: E_BOOTSTRAP_TOP_LEVEL: unsupported top-level item
/Users/vincent/Documents/Github/vitte/src/vitte/compiler/frontend/lexer/scanner.vit:428:7: E_BOOTSTRAP_TOP_LEVEL: unsupported top-level item
/Users/vincent/Documents/Github/vitte/src/vitte/compiler/frontend/lexer/scanner.vit:429:7: E_BOOTSTRAP_TOP_LEVEL: unsupported top-level item
/Users/vincent/Documents/Github/vitte/src/vitte/compiler/frontend/lexer/scanner.vit:430:7: E_BOOTSTRAP_TOP_LEVEL: unsupported top-level item
/Users/vincent/Documents/Github/vitte/src/vitte/compiler/frontend/lexer/scanner.vit:431:7: E_BOOTSTRAP_TOP_LEVEL: unsupported top-level item
/Users/vincent/Documents/Github/vitte/src/vitte/compiler/frontend/lexer/scanner.vit:433:7: E_BOOTSTRAP_TOP_LEVEL: unsupported top-level item
/Users/vincent/Documents/Github/vitte/src/vitte/compiler/frontend/lexer/scanner.vit:434:9: E_BOOTSTRAP_TOP_LEVEL: unsupported top-level item
/Users/vincent/Documents/Github/vitte/src/vitte/compiler/frontend/lexer/scanner.vit:435:7: E_BOOTSTRAP_TOP_LEVEL: unsupported top-level item
/Users/vincent/Documents/Github/vitte/src/vitte/compiler/frontend/lexer/scanner.vit:437:7: E_BOOTSTRAP_TOP_LEVEL: unsupported top-level item
/Users/vincent/Documents/Github/vitte/src/vitte/compiler/frontend/lexer/scanner.vit:439:7: E_BOOTSTRAP_TOP_LEVEL: unsupported top-level item
/Users/vincent/Documents/Github/vitte/src/vitte/compiler/frontend/lexer/scanner.vit:440:9: E_BOOTSTRAP_TOP_LEVEL: unsupported top-level item
/Users/vincent/Documents/Github/vitte/src/vitte/compiler/frontend/lexer/scanner.vit:441:7: E_BOOTSTRAP_TOP_LEVEL: unsupported top-level item
/Users/vincent/Documents/Github/vitte/src/vitte/compiler/frontend/lexer/scanner.vit:443:7: E_BOOTSTRAP_TOP_LEVEL: unsupported top-level item
/Users/vincent/Documents/Github/vitte/src/vitte/compiler/frontend/lexer/scanner.vit:444:9: E_BOOTSTRAP_TOP_LEVEL: unsupported top-level item
/Users/vincent/Documents/Github/vitte/src/vitte/compiler/frontend/lexer/scanner.vit:445:7: E_BOOTSTRAP_TOP_LEVEL: unsupported top-level item
/Users/vincent/Documents/Github/vitte/src/vitte/compiler/frontend/lexer/scanner.vit:447:7: E_BOOTSTRAP_TOP_LEVEL: unsupported top-level item
/Users/vincent/Documents/Github/vitte/src/vitte/compiler/frontend/lexer/scanner.vit:448:9: E_BOOTSTRAP_TOP_LEVEL: unsupported top-level item
/Users/vincent/Documents/Github/vitte/src/vitte/compiler/frontend/lexer/scanner.vit:449:7: E_BOOTSTRAP_TOP_LEVEL: unsupported top-level item
/Users/vincent/Documents/Github/vitte/src/vitte/compiler/frontend/lexer/scanner.vit:450:7: E_BOOTSTRAP_TOP_LEVEL: unsupported top-level item
/Users/vincent/Documents/Github/vitte/src/vitte/compiler/frontend/lexer/scanner.vit:451:9: E_BOOTSTRAP_TOP_LEVEL: unsupported top-level item
/Users/vincent/Documents/Github/vitte/src/vitte/compiler/frontend/lexer/scanner.vit:452:7: E_BOOTSTRAP_TOP_LEVEL: unsupported top-level item
/Users/vincent/Documents/Github/vitte/src/vitte/compiler/frontend/lexer/scanner.vit:454:7: E_BOOTSTRAP_TOP_LEVEL: unsupported top-level item
/Users/vincent/Documents/Github/vitte/src/vitte/compiler/frontend/lexer/scanner.vit:455:5: E_BOOTSTRAP_TOP_LEVEL: unsupported top-level item
/Users/vincent/Documents/Github/vitte/src/vitte/compiler/frontend/lexer/scanner.vit:457:5: E_BOOTSTRAP_TOP_LEVEL: unsupported top-level item
/Users/vincent/Documents/Github/vitte/src/vitte/compiler/frontend/lexer/scanner.vit:458:7: E_BOOTSTRAP_TOP_LEVEL: unsupported top-level item
/Users/vincent/Documents/Github/vitte/src/vitte/compiler/frontend/lexer/scanner.vit:459:7: E_BOOTSTRAP_TOP_LEVEL: unsupported top-level item
/Users/vincent/Documents/Github/vitte/src/vitte/compiler/frontend/lexer/scanner.vit:460:7: E_BOOTSTRAP_TOP_LEVEL: unsupported top-level item
/Users/vincent/Documents/Github/vitte/src/vitte/compiler/frontend/lexer/scanner.vit:462:7: E_BOOTSTRAP_TOP_LEVEL: unsupported top-level item
/Users/vincent/Documents/Github/vitte/src/vitte/compiler/frontend/lexer/scanner.vit:463:5: E_BOOTSTRAP_TOP_LEVEL: unsupported top-level item
/Users/vincent/Documents/Github/vitte/src/vitte/compiler/frontend/lexer/scanner.vit:465:5: E_BOOTSTRAP_TOP_LEVEL: unsupported top-level item
/Users/vincent/Documents/Github/vitte/src/vitte/compiler/frontend/lexer/scanner.vit:466:7: E_BOOTSTRAP_TOP_LEVEL: unsupported top-level item
/Users/vincent/Documents/Github/vitte/src/vitte/compiler/frontend/lexer/scanner.vit:467:7: E_BOOTSTRAP_TOP_LEVEL: unsupported top-level item
/Users/vincent/Documents/Github/vitte/src/vitte/compiler/frontend/lexer/scanner.vit:468:7: E_BOOTSTRAP_TOP_LEVEL: unsupported top-level item
/Users/vincent/Documents/Github/vitte/src/vitte/compiler/frontend/lexer/scanner.vit:470:7: E_BOOTSTRAP_TOP_LEVEL: unsupported top-level item
/Users/vincent/Documents/Github/vitte/src/vitte/compiler/frontend/lexer/scanner.vit:471:5: E_BOOTSTRAP_TOP_LEVEL: unsupported top-level item
/Users/vincent/Documents/Github/vitte/src/vitte/compiler/frontend/lexer/scanner.vit:473:5: E_BOOTSTRAP_TOP_LEVEL: unsupported top-level item
/Users/vincent/Documents/Github/vitte/src/vitte/compiler/frontend/lexer/scanner.vit:474:7: E_BOOTSTRAP_TOP_LEVEL: unsupported top-level item
/Users/vincent/Documents/Github/vitte/src/vitte/compiler/frontend/lexer/scanner.vit:475:5: E_BOOTSTRAP_TOP_LEVEL: unsupported top-level item
/Users/vincent/Documents/Github/vitte/src/vitte/compiler/frontend/lexer/scanner.vit:476:5: E_BOOTSTRAP_TOP_LEVEL: unsupported top-level item
/Users/vincent/Documents/Github/vitte/src/vitte/compiler/frontend/lexer/scanner.vit:477:7: E_BOOTSTRAP_TOP_LEVEL: unsupported top-level item
/Users/vincent/Documents/Github/vitte/src/vitte/compiler/frontend/lexer/scanner.vit:478:7: E_BOOTSTRAP_TOP_LEVEL: unsupported top-level item
/Users/vincent/Documents/Github/vitte/src/vitte/compiler/frontend/lexer/scanner.vit:479:7: E_BOOTSTRAP_TOP_LEVEL: unsupported top-level item
/Users/vincent/Documents/Github/vitte/src/vitte/compiler/frontend/lexer/scanner.vit:480:5: E_BOOTSTRAP_TOP_LEVEL: unsupported top-level item
/Users/vincent/Documents/Github/vitte/src/vitte/compiler/frontend/lexer/scanner.vit:482:5: E_BOOTSTRAP_TOP_LEVEL: unsupported top-level item
/Users/vincent/Documents/Github/vitte/src/vitte/compiler/frontend/lexer/scanner.vit:483:3: E_BOOTSTRAP_TOP_LEVEL: unsupported top-level item
/Users/vincent/Documents/Github/vitte/src/vitte/compiler/frontend/lexer/scanner.vit:485:3: E_BOOTSTRAP_TOP_LEVEL: unsupported top-level item
/Users/vincent/Documents/Github/vitte/src/vitte/compiler/frontend/lexer/scanner.vit:486:3: E_BOOTSTRAP_TOP_LEVEL: unsupported top-level item
/Users/vincent/Documents/Github/vitte/src/vitte/compiler/frontend/lexer/scanner.vit:487:3: E_BOOTSTRAP_TOP_LEVEL: unsupported top-level item
/Users/vincent/Documents/Github/vitte/src/vitte/compiler/frontend/lexer/scanner.vit:488:1: E_BOOTSTRAP_TOP_LEVEL: unsupported top-level item
/Users/vincent/Documents/Github/vitte/src/vitte/compiler/frontend/lexer/scanner.vit:490:1: E_BOOTSTRAP_PROC_SIGNATURE: bootstrap string proc must have no parameters: proc name() -> string {
/Users/vincent/Documents/Github/vitte/src/vitte/compiler/frontend/lexer/scanner.vit:491:3: E_BOOTSTRAP_TOP_LEVEL: unsupported top-level item
/Users/vincent/Documents/Github/vitte/src/vitte/compiler/frontend/lexer/scanner.vit:492:3: E_BOOTSTRAP_TOP_LEVEL: unsupported top-level item
/Users/vincent/Documents/Github/vitte/src/vitte/compiler/frontend/lexer/scanner.vit:493:3: E_BOOTSTRAP_TOP_LEVEL: unsupported top-level item
/Users/vincent/Documents/Github/vitte/src/vitte/compiler/frontend/lexer/scanner.vit:494:3: E_BOOTSTRAP_TOP_LEVEL: unsupported top-level item
/Users/vincent/Documents/Github/vitte/src/vitte/compiler/frontend/lexer/scanner.vit:495:3: E_BOOTSTRAP_TOP_LEVEL: unsupported top-level item
/Users/vincent/Documents/Github/vitte/src/vitte/compiler/frontend/lexer/scanner.vit:496:3: E_BOOTSTRAP_TOP_LEVEL: unsupported top-level item
/Users/vincent/Documents/Github/vitte/src/vitte/compiler/frontend/lexer/scanner.vit:497:3: E_BOOTSTRAP_TOP_LEVEL: unsupported top-level item
/Users/vincent/Documents/Github/vitte/src/vitte/compiler/frontend/lexer/scanner.vit:498:3: E_BOOTSTRAP_TOP_LEVEL: unsupported top-level item
/Users/vincent/Documents/Github/vitte/src/vitte/compiler/frontend/lexer/scanner.vit:499:3: E_BOOTSTRAP_TOP_LEVEL: unsupported top-level item
/Users/vincent/Documents/Github/vitte/src/vitte/compiler/frontend/lexer/scanner.vit:500:5: E_BOOTSTRAP_TOP_LEVEL: unsupported top-level item
/Users/vincent/Documents/Github/vitte/src/vitte/compiler/frontend/lexer/scanner.vit:501:5: E_BOOTSTRAP_TOP_LEVEL: unsupported top-level item
/Users/vincent/Documents/Github/vitte/src/vitte/compiler/frontend/lexer/scanner.vit:502:5: E_BOOTSTRAP_TOP_LEVEL: unsupported top-level item
/Users/vincent/Documents/Github/vitte/src/vitte/compiler/frontend/lexer/scanner.vit:503:5: E_BOOTSTRAP_TOP_LEVEL: unsupported top-level item
/Users/vincent/Documents/Github/vitte/src/vitte/compiler/frontend/lexer/scanner.vit:504:5: E_BOOTSTRAP_TOP_LEVEL: unsupported top-level item
/Users/vincent/Documents/Github/vitte/src/vitte/compiler/frontend/lexer/scanner.vit:505:5: E_BOOTSTRAP_TOP_LEVEL: unsupported top-level item
/Users/vincent/Documents/Github/vitte/src/vitte/compiler/frontend/lexer/scanner.vit:506:5: E_BOOTSTRAP_TOP_LEVEL: unsupported top-level item
/Users/vincent/Documents/Github/vitte/src/vitte/compiler/frontend/lexer/scanner.vit:507:5: E_BOOTSTRAP_TOP_LEVEL: unsupported top-level item
/Users/vincent/Documents/Github/vitte/src/vitte/compiler/frontend/lexer/scanner.vit:508:5: E_BOOTSTRAP_TOP_LEVEL: unsupported top-level item
/Users/vincent/Documents/Github/vitte/src/vitte/compiler/frontend/lexer/scanner.vit:509:5: E_BOOTSTRAP_TOP_LEVEL: unsupported top-level item
/Users/vincent/Documents/Github/vitte/src/vitte/compiler/frontend/lexer/scanner.vit:510:5: E_BOOTSTRAP_TOP_LEVEL: unsupported top-level item
/Users/vincent/Documents/Github/vitte/src/vitte/compiler/frontend/lexer/scanner.vit:511:5: E_BOOTSTRAP_TOP_LEVEL: unsupported top-level item
/Users/vincent/Documents/Github/vitte/src/vitte/compiler/frontend/lexer/scanner.vit:512:5: E_BOOTSTRAP_TOP_LEVEL: unsupported top-level item
/Users/vincent/Documents/Github/vitte/src/vitte/compiler/frontend/lexer/scanner.vit:513:5: E_BOOTSTRAP_TOP_LEVEL: unsupported top-level item
/Users/vincent/Documents/Github/vitte/src/vitte/compiler/frontend/lexer/scanner.vit:514:5: E_BOOTSTRAP_TOP_LEVEL: unsupported top-level item
/Users/vincent/Documents/Github/vitte/src/vitte/compiler/frontend/lexer/scanner.vit:515:1: E_BOOTSTRAP_TOP_LEVEL: unsupported top-level item
/Users/vincent/Documents/Github/vitte/src/vitte/compiler/frontend/lexer/scanner.vit:517:1: E_BOOTSTRAP_PROC_SIGNATURE: bootstrap string proc must return string: proc name() -> string {
/Users/vincent/Documents/Github/vitte/src/vitte/compiler/frontend/lexer/scanner.vit:518:3: E_BOOTSTRAP_TOP_LEVEL: unsupported top-level item
/Users/vincent/Documents/Github/vitte/src/vitte/compiler/frontend/lexer/scanner.vit:520:3: E_BOOTSTRAP_TOP_LEVEL: unsupported top-level item
/Users/vincent/Documents/Github/vitte/src/vitte/compiler/frontend/lexer/scanner.vit:521:5: E_BOOTSTRAP_TOP_LEVEL: unsupported top-level item
/Users/vincent/Documents/Github/vitte/src/vitte/compiler/frontend/lexer/scanner.vit:522:5: E_BOOTSTRAP_TOP_LEVEL: unsupported top-level item
/Users/vincent/Documents/Github/vitte/src/vitte/compiler/frontend/lexer/scanner.vit:523:5: E_BOOTSTRAP_TOP_LEVEL: unsupported top-level item
/Users/vincent/Documents/Github/vitte/src/vitte/compiler/frontend/lexer/scanner.vit:524:5: E_BOOTSTRAP_TOP_LEVEL: unsupported top-level item
/Users/vincent/Documents/Github/vitte/src/vitte/compiler/frontend/lexer/scanner.vit:525:1: E_BOOTSTRAP_TOP_LEVEL: unsupported top-level item
/Users/vincent/Documents/Github/vitte/src/vitte/compiler/frontend/lexer/scanner.vit:1:1: E_BOOTSTRAP_VERSION: missing version_text()
/Users/vincent/Documents/Github/vitte/src/vitte/compiler/frontend/lexer/scanner.vit:1:1: E_BOOTSTRAP_BANNER: missing banner_text()
